2023-09-05 12:41:02,361 [INFO] Activator:176 - 


2023-09-05 12:41:02,370 [INFO] Activator:177 - !SESSION log4j initialized
2023-09-05 12:41:06,023 [INFO] LogOutputStream:77 - [STDOUT_REDIRECT] 
2023-09-05 12:41:07,067 [INFO] ApplicationProperties:184 - Using Application install path: C:\ST\STM32CubeIDE_1.13.1\STM32CubeIDE\plugins\com.st.stm32cube.common.mx_6.9.1.202307191849
2023-09-05 12:41:07,113 [INFO] DbMcusXml:78 - Set database path to: C:\ST\STM32CubeIDE_1.13.1\STM32CubeIDE\plugins\com.st.stm32cube.common.mx_6.9.1.202307191849\\db\/mcu/
2023-09-05 12:41:07,114 [INFO] ApiDb:274 - Set plugin database path to: C:\ST\STM32CubeIDE_1.13.1\STM32CubeIDE\plugins\com.st.stm32cube.common.mx_6.9.1.202307191849\\db\/plugins/boardmanager/
2023-09-05 12:41:07,114 [WARN] ApiDb:259 - Overriding images path with different value:  => C:\ST\STM32CubeIDE_1.13.1\STM32CubeIDE\plugins\com.st.stm32cube.common.mx_6.9.1.202307191849\\db\/plugins/mcufinder/images/
2023-09-05 12:41:07,131 [INFO] ApiDb:250 - Set database path to: C:\Users\Marisa\.stmcufinder\plugins\mcufinder//mcu/
2023-09-05 12:41:07,133 [INFO] DbMcusAds:125 - Set database path to: C:\Users\Marisa\.stmcufinder\plugins\mcufinder//mcu/
2023-09-05 12:41:07,136 [INFO] CrossReferenceDbSqlite:203 - Set database path to: C:\Users\Marisa\.stmcufinder\plugins\mcufinder//mcu/cs/
2023-09-05 12:41:07,291 [INFO] RulesReader:64 - Compatibility file has been processed (293 Rules)
2023-09-05 12:41:07,403 [INFO] DbMcusXml:78 - Set database path to: C:\ST\STM32CubeIDE_1.13.1\STM32CubeIDE\plugins\com.st.stm32cube.common.mx_6.9.1.202307191849\\db\/mcu/
2023-09-05 12:41:07,403 [INFO] ApiDb:274 - Set plugin database path to: C:\ST\STM32CubeIDE_1.13.1\STM32CubeIDE\plugins\com.st.stm32cube.common.mx_6.9.1.202307191849\\db\/plugins/boardmanager/
2023-09-05 12:41:07,404 [INFO] ApiDb:261 - Set plugin images path to: C:\ST\STM32CubeIDE_1.13.1\STM32CubeIDE\plugins\com.st.stm32cube.common.mx_6.9.1.202307191849\\db\/plugins/mcufinder/images/
2023-09-05 12:41:07,404 [WARN] DbFile:41 - Overriding database path with different value: C:\Users\Marisa\.stmcufinder\plugins\mcufinder/ => C:\Users\Marisa\.stmcufinder\plugins\mcufinder
2023-09-05 12:41:07,404 [INFO] ApiDb:250 - Set database path to: C:\Users\Marisa\.stmcufinder\plugins\mcufinder//mcu/
2023-09-05 12:41:07,404 [WARN] DbFile:41 - Overriding database path with different value: C:\Users\Marisa\.stmcufinder\plugins\mcufinder/ => C:\Users\Marisa\.stmcufinder\plugins\mcufinder
2023-09-05 12:41:07,404 [INFO] DbMcusAds:125 - Set database path to: C:\Users\Marisa\.stmcufinder\plugins\mcufinder//mcu/
2023-09-05 12:41:07,404 [WARN] DbFile:41 - Overriding database path with different value: C:\Users\Marisa\.stmcufinder\plugins\mcufinder/ => C:\Users\Marisa\.stmcufinder\plugins\mcufinder
2023-09-05 12:41:07,404 [WARN] DbFile:41 - Overriding database path with different value: C:\Users\Marisa\.stmcufinder\plugins\mcufinder/ => C:\Users\Marisa\.stmcufinder\plugins\mcufinder
2023-09-05 12:41:07,404 [INFO] CrossReferenceDbSqlite:203 - Set database path to: C:\Users\Marisa\.stmcufinder\plugins\mcufinder//mcu/cs/
2023-09-05 12:41:07,497 [INFO] MainPanel:262 - HeapMemory: 268435456
2023-09-05 12:41:07,603 [INFO] DbMcusXml:78 - Set database path to: C:\ST\STM32CubeIDE_1.13.1\STM32CubeIDE\plugins\com.st.stm32cube.common.mx_6.9.1.202307191849\\db\/mcu/
2023-09-05 12:41:07,603 [INFO] ApiDb:274 - Set plugin database path to: C:\ST\STM32CubeIDE_1.13.1\STM32CubeIDE\plugins\com.st.stm32cube.common.mx_6.9.1.202307191849\\db\/plugins/boardmanager/
2023-09-05 12:41:07,603 [INFO] ApiDb:261 - Set plugin images path to: C:\ST\STM32CubeIDE_1.13.1\STM32CubeIDE\plugins\com.st.stm32cube.common.mx_6.9.1.202307191849\\db\/plugins/mcufinder/images/
2023-09-05 12:41:07,604 [WARN] DbFile:41 - Overriding database path with different value: C:\Users\Marisa\.stmcufinder\plugins\mcufinder/ => C:\Users\Marisa\.stmcufinder\plugins\mcufinder
2023-09-05 12:41:07,604 [INFO] ApiDb:250 - Set database path to: C:\Users\Marisa\.stmcufinder\plugins\mcufinder//mcu/
2023-09-05 12:41:07,604 [WARN] DbFile:41 - Overriding database path with different value: C:\Users\Marisa\.stmcufinder\plugins\mcufinder/ => C:\Users\Marisa\.stmcufinder\plugins\mcufinder
2023-09-05 12:41:07,604 [INFO] DbMcusAds:125 - Set database path to: C:\Users\Marisa\.stmcufinder\plugins\mcufinder//mcu/
2023-09-05 12:41:07,604 [WARN] DbFile:41 - Overriding database path with different value: C:\Users\Marisa\.stmcufinder\plugins\mcufinder/ => C:\Users\Marisa\.stmcufinder\plugins\mcufinder
2023-09-05 12:41:07,604 [WARN] DbFile:41 - Overriding database path with different value: C:\Users\Marisa\.stmcufinder\plugins\mcufinder/ => C:\Users\Marisa\.stmcufinder\plugins\mcufinder
2023-09-05 12:41:07,605 [INFO] CrossReferenceDbSqlite:203 - Set database path to: C:\Users\Marisa\.stmcufinder\plugins\mcufinder//mcu/cs/
2023-09-05 12:41:07,621 [INFO] ApplicationProperties:184 - Using Application install path: C:\ST\STM32CubeIDE_1.13.1\STM32CubeIDE\plugins\com.st.stm32cube.common.mx_6.9.1.202307191849
2023-09-05 12:41:07,622 [INFO] PluginManage:196 - Search for loadable plugins [exclusion list=, ]
2023-09-05 12:41:07,624 [INFO] PluginManage:310 - Check plugin analytics
2023-09-05 12:41:07,810 [INFO] AnalyticsPlugin:253 - Accepted Software Licenses: 
2023-09-05 12:41:07,810 [INFO] AnalyticsPlugin:255 - Accepted CMSIS Pack Licenses: 
2023-09-05 12:41:07,810 [INFO] AnalyticsPlugin:257 - Accepted Firmware Licenses: FW.L4.1.18.0
2023-09-05 12:41:07,813 [INFO] PluginManage:359 - Loaded plugin analytics (category:tool,tabindex:-1)
2023-09-05 12:41:07,813 [INFO] PluginManage:310 - Check plugin cadmodel
2023-09-05 12:41:07,821 [INFO] CADModel:105 - Init CAD model plugin
2023-09-05 12:41:07,821 [INFO] PluginManage:359 - Loaded plugin cadmodel (category:power,tabindex:5)
2023-09-05 12:41:07,822 [INFO] PluginManage:310 - Check plugin clock
2023-09-05 12:41:07,832 [INFO] PluginManage:359 - Loaded plugin clock (category:base,tabindex:2)
2023-09-05 12:41:07,832 [INFO] PluginManage:310 - Check plugin ddr
2023-09-05 12:41:07,834 [INFO] PluginManage:359 - Loaded plugin ddr (category:tool,tabindex:6)
2023-09-05 12:41:07,835 [INFO] PluginManage:310 - Check plugin filemanager
2023-09-05 12:41:08,114 [INFO] PluginManage:359 - Loaded plugin filemanager (category:base,tabindex:10)
2023-09-05 12:41:08,114 [INFO] PluginManage:310 - Check plugin ipmanager
2023-09-05 12:41:08,130 [INFO] PluginManage:359 - Loaded plugin ipmanager (category:base,tabindex:5)
2023-09-05 12:41:08,130 [INFO] PluginManage:310 - Check plugin lpbam
2023-09-05 12:41:08,153 [INFO] PluginManage:359 - Loaded plugin lpbam (category:base,tabindex:0)
2023-09-05 12:41:08,153 [INFO] PluginManage:310 - Check plugin memorymap
2023-09-05 12:41:08,265 [INFO] PluginManage:359 - Loaded plugin memorymap (category:base,tabindex:4)
2023-09-05 12:41:08,265 [INFO] PluginManage:310 - Check plugin pinoutandconfiguration
2023-09-05 12:41:08,299 [INFO] PluginManage:359 - Loaded plugin pinoutandconfiguration (category:base,tabindex:1)
2023-09-05 12:41:08,299 [INFO] PluginManage:310 - Check plugin pinoutconfig
2023-09-05 12:41:08,514 [WARN] SupportedApi:132 - Cannot load RTOS API schema: s4s-elt-must-match.1: The content of 'definitions' must match (annotation?, (simpleType | complexType)?, (unique | key | keyref)*)). A problem was found starting at: attribute.
2023-09-05 12:41:08,706 [INFO] PluginManage:359 - Loaded plugin pinoutconfig (category:base,tabindex:0)
2023-09-05 12:41:08,706 [INFO] PluginManage:310 - Check plugin power
2023-09-05 12:41:08,726 [INFO] PluginManage:359 - Loaded plugin power (category:power,tabindex:4)
2023-09-05 12:41:08,726 [INFO] PluginManage:310 - Check plugin projectmanager
2023-09-05 12:41:08,747 [INFO] PluginManage:359 - Loaded plugin projectmanager (category:projectmanager,tabindex:3)
2023-09-05 12:41:08,747 [INFO] PluginManage:310 - Check plugin thirdparty
2023-09-05 12:41:08,923 [WARN] IntegrityCheckThread:84 - waiting for thirdparty lock release [integrity check]
2023-09-05 12:41:08,924 [INFO] IntegrityCheckThread:86 - entering critical section [integrity check]
2023-09-05 12:41:08,925 [INFO] ThirdPartyUpdaterWithRetryManager:70 - Updater plugin not ready yet. [1/15]
2023-09-05 12:41:08,925 [INFO] PluginManage:359 - Loaded plugin thirdparty (category:base,tabindex:-1)
2023-09-05 12:41:08,925 [INFO] PluginManage:310 - Check plugin tools
2023-09-05 12:41:08,930 [INFO] PluginManage:359 - Loaded plugin tools (category:base,tabindex:7)
2023-09-05 12:41:08,930 [INFO] PluginManage:310 - Check plugin tutovideos
2023-09-05 12:41:09,155 [INFO] PluginManage:359 - Loaded plugin tutovideos (category:base,tabindex:-1)
2023-09-05 12:41:09,156 [INFO] PluginManage:310 - Check plugin updater
2023-09-05 12:41:09,169 [INFO] PluginManage:359 - Loaded plugin updater (category:base,tabindex:12)
2023-09-05 12:41:09,169 [INFO] PluginManage:310 - Check plugin userauth
2023-09-05 12:41:09,175 [INFO] UserAuth:113 - Init User Auth plugin
2023-09-05 12:41:09,175 [INFO] PluginManage:359 - Loaded plugin userauth (category:base,tabindex:14)
2023-09-05 12:41:09,176 [INFO] PluginManage:283 - PluginManage : Loaded plugins [17]
2023-09-05 12:41:09,420 [INFO] PinOutPanel:1499 - setPackage(No Configuration,No Configuration)
2023-09-05 12:41:09,525 [INFO] CADModel:165 - CPN selected for project level
2023-09-05 12:41:09,525 [INFO] CADModel:114 - Register for checkConnection events
2023-09-05 12:41:09,543 [INFO] IPUIPlugin:80 - create IPUIPlugin
2023-09-05 12:41:09,543 [INFO] PluginManager:220 - loadIPPluginJar : add adc
2023-09-05 12:41:09,546 [INFO] IPUIPlugin:80 - create IPUIPlugin
2023-09-05 12:41:09,546 [INFO] PluginManager:220 - loadIPPluginJar : add aes
2023-09-05 12:41:09,549 [INFO] IPUIPlugin:80 - create IPUIPlugin
2023-09-05 12:41:09,550 [INFO] PluginManager:220 - loadIPPluginJar : add can
2023-09-05 12:41:09,551 [INFO] IPUIPlugin:80 - create IPUIPlugin
2023-09-05 12:41:09,551 [INFO] PluginManager:220 - loadIPPluginJar : add comp
2023-09-05 12:41:09,554 [INFO] IPUIPlugin:80 - create IPUIPlugin
2023-09-05 12:41:09,554 [INFO] PluginManager:220 - loadIPPluginJar : add cryp
2023-09-05 12:41:09,557 [INFO] IPUIPlugin:80 - create IPUIPlugin
2023-09-05 12:41:09,557 [INFO] PluginManager:220 - loadIPPluginJar : add dfsdm
2023-09-05 12:41:09,562 [INFO] IPUIPlugin:80 - create IPUIPlugin
2023-09-05 12:41:09,563 [INFO] PluginManager:220 - loadIPPluginJar : add dma
2023-09-05 12:41:09,566 [INFO] IPUIPlugin:80 - create IPUIPlugin
2023-09-05 12:41:09,566 [INFO] PluginManager:220 - loadIPPluginJar : add dma3
2023-09-05 12:41:09,567 [INFO] IPUIPlugin:80 - create IPUIPlugin
2023-09-05 12:41:09,568 [INFO] PluginManager:220 - loadIPPluginJar : add fatfs
2023-09-05 12:41:09,572 [INFO] IPUIPlugin:80 - create IPUIPlugin
2023-09-05 12:41:09,572 [INFO] PluginManager:220 - loadIPPluginJar : add fmc
2023-09-05 12:41:09,578 [INFO] IPUIPlugin:80 - create IPUIPlugin
2023-09-05 12:41:09,578 [INFO] PluginManager:220 - loadIPPluginJar : add freertos
2023-09-05 12:41:09,580 [INFO] IPUIPlugin:80 - create IPUIPlugin
2023-09-05 12:41:09,580 [INFO] PluginManager:220 - loadIPPluginJar : add genericplugin
2023-09-05 12:41:09,583 [INFO] IPUIPlugin:80 - create IPUIPlugin
2023-09-05 12:41:09,583 [INFO] PluginManager:220 - loadIPPluginJar : add gfxmmu
2023-09-05 12:41:09,588 [INFO] IPUIPlugin:80 - create IPUIPlugin
2023-09-05 12:41:09,588 [INFO] PluginManager:220 - loadIPPluginJar : add gic
2023-09-05 12:41:09,592 [INFO] IPUIPlugin:80 - create IPUIPlugin
2023-09-05 12:41:09,592 [INFO] PluginManager:220 - loadIPPluginJar : add gpio
2023-09-05 12:41:09,595 [INFO] IPUIPlugin:80 - create IPUIPlugin
2023-09-05 12:41:09,595 [INFO] PluginManager:220 - loadIPPluginJar : add gtzc
2023-09-05 12:41:09,598 [INFO] IPUIPlugin:80 - create IPUIPlugin
2023-09-05 12:41:09,598 [INFO] PluginManager:220 - loadIPPluginJar : add hash
2023-09-05 12:41:09,601 [INFO] IPUIPlugin:80 - create IPUIPlugin
2023-09-05 12:41:09,601 [INFO] PluginManager:220 - loadIPPluginJar : add i2c
2023-09-05 12:41:09,604 [INFO] IPUIPlugin:80 - create IPUIPlugin
2023-09-05 12:41:09,604 [INFO] PluginManager:220 - loadIPPluginJar : add i2s
2023-09-05 12:41:09,607 [INFO] IPUIPlugin:80 - create IPUIPlugin
2023-09-05 12:41:09,607 [INFO] PluginManager:220 - loadIPPluginJar : add i3c
2023-09-05 12:41:09,610 [INFO] IPUIPlugin:80 - create IPUIPlugin
2023-09-05 12:41:09,612 [INFO] PluginManager:220 - loadIPPluginJar : add ipddr
2023-09-05 12:41:09,620 [INFO] IPUIPlugin:80 - create IPUIPlugin
2023-09-05 12:41:09,620 [INFO] PluginManager:220 - loadIPPluginJar : add linkedlist
2023-09-05 12:41:09,624 [INFO] IPUIPlugin:80 - create IPUIPlugin
2023-09-05 12:41:09,624 [INFO] PluginManager:220 - loadIPPluginJar : add lorawan
2023-09-05 12:41:09,627 [INFO] IPUIPlugin:80 - create IPUIPlugin
2023-09-05 12:41:09,628 [INFO] PluginManager:220 - loadIPPluginJar : add ltdc
2023-09-05 12:41:09,640 [INFO] IPUIPlugin:80 - create IPUIPlugin
2023-09-05 12:41:09,641 [INFO] PluginManager:220 - loadIPPluginJar : add mdma
2023-09-05 12:41:09,645 [INFO] IPUIPlugin:80 - create IPUIPlugin
2023-09-05 12:41:09,645 [INFO] PluginManager:220 - loadIPPluginJar : add nvic
2023-09-05 12:41:09,649 [INFO] IPUIPlugin:80 - create IPUIPlugin
2023-09-05 12:41:09,649 [INFO] PluginManager:220 - loadIPPluginJar : add opamp
2023-09-05 12:41:09,652 [INFO] IPUIPlugin:80 - create IPUIPlugin
2023-09-05 12:41:09,653 [INFO] PluginManager:220 - loadIPPluginJar : add openamp
2023-09-05 12:41:09,655 [INFO] IPUIPlugin:80 - create IPUIPlugin
2023-09-05 12:41:09,656 [INFO] PluginManager:220 - loadIPPluginJar : add pdm2pcm
2023-09-05 12:41:09,663 [INFO] IPUIPlugin:80 - create IPUIPlugin
2023-09-05 12:41:09,665 [INFO] PluginManager:220 - loadIPPluginJar : add plateformsettings
2023-09-05 12:41:09,668 [INFO] IPUIPlugin:80 - create IPUIPlugin
2023-09-05 12:41:09,668 [INFO] PluginManager:220 - loadIPPluginJar : add quadspi
2023-09-05 12:41:09,673 [INFO] IPUIPlugin:80 - create IPUIPlugin
2023-09-05 12:41:09,673 [INFO] PluginManager:220 - loadIPPluginJar : add resmgrutility
2023-09-05 12:41:09,676 [INFO] IPUIPlugin:80 - create IPUIPlugin
2023-09-05 12:41:09,676 [INFO] PluginManager:220 - loadIPPluginJar : add sai
2023-09-05 12:41:09,679 [INFO] IPUIPlugin:80 - create IPUIPlugin
2023-09-05 12:41:09,679 [INFO] PluginManager:220 - loadIPPluginJar : add spi
2023-09-05 12:41:09,684 [INFO] IPUIPlugin:80 - create IPUIPlugin
2023-09-05 12:41:09,684 [INFO] PluginManager:220 - loadIPPluginJar : add stm32_wpan
2023-09-05 12:41:09,686 [INFO] IPUIPlugin:80 - create IPUIPlugin
2023-09-05 12:41:09,686 [INFO] PluginManager:220 - loadIPPluginJar : add tim
2023-09-05 12:41:09,689 [INFO] IPUIPlugin:80 - create IPUIPlugin
2023-09-05 12:41:09,689 [INFO] PluginManager:220 - loadIPPluginJar : add touchsensing
2023-09-05 12:41:09,692 [INFO] IPUIPlugin:80 - create IPUIPlugin
2023-09-05 12:41:09,692 [INFO] PluginManager:220 - loadIPPluginJar : add tracer_emb
2023-09-05 12:41:09,694 [INFO] IPUIPlugin:80 - create IPUIPlugin
2023-09-05 12:41:09,694 [INFO] PluginManager:220 - loadIPPluginJar : add ts
2023-09-05 12:41:09,696 [INFO] IPUIPlugin:80 - create IPUIPlugin
2023-09-05 12:41:09,696 [INFO] PluginManager:220 - loadIPPluginJar : add tsc
2023-09-05 12:41:09,699 [INFO] IPUIPlugin:80 - create IPUIPlugin
2023-09-05 12:41:09,699 [INFO] PluginManager:220 - loadIPPluginJar : add ucpd
2023-09-05 12:41:09,702 [INFO] IPUIPlugin:80 - create IPUIPlugin
2023-09-05 12:41:09,702 [INFO] PluginManager:220 - loadIPPluginJar : add usart
2023-09-05 12:41:09,705 [INFO] IPUIPlugin:80 - create IPUIPlugin
2023-09-05 12:41:09,705 [INFO] PluginManager:220 - loadIPPluginJar : add usbx
2023-09-05 12:41:09,826 [INFO] CADModel:165 - CPN selected for project level
2023-09-05 12:41:09,826 [INFO] CADModel:114 - Register for checkConnection events
2023-09-05 12:41:09,826 [FATAL] Updater:308 - Updater called before beeing initialized
2023-09-05 12:41:09,826 [ERROR] CADModel:125 - Updater not yet initialized, retry later 
2023-09-05 12:41:09,974 [INFO] CADModel:165 - CPN selected for project level
2023-09-05 12:41:09,974 [INFO] CADModel:114 - Register for checkConnection events
2023-09-05 12:41:09,975 [FATAL] Updater:308 - Updater called before beeing initialized
2023-09-05 12:41:09,975 [ERROR] CADModel:125 - Updater not yet initialized, retry later 
2023-09-05 12:41:09,979 [FATAL] Updater:308 - Updater called before beeing initialized
2023-09-05 12:41:10,073 [FATAL] Updater:308 - Updater called before beeing initialized
2023-09-05 12:41:10,077 [INFO] DbMcusAds:53 - JSON generation date=Tue Mar 07 03:50:55 EST 2023 (1678179055114)
2023-09-05 12:41:10,077 [FATAL] Updater:308 - Updater called before beeing initialized
2023-09-05 12:41:10,123 [WARN] DetailPanel:346 - Failed to get advertising image, set to default
2023-09-05 12:41:10,225 [FATAL] Updater:308 - Updater called before beeing initialized
2023-09-05 12:41:10,227 [FATAL] Updater:308 - Updater called before beeing initialized
2023-09-05 12:41:10,228 [FATAL] Updater:308 - Updater called before beeing initialized
2023-09-05 12:41:10,228 [WARN] DetailPanel:346 - Failed to get advertising image, set to default
2023-09-05 12:41:10,228 [FATAL] Updater:308 - Updater called before beeing initialized
2023-09-05 12:41:10,275 [ERROR] Updater:1120 - MainUpdater not yet initialized. External WinMGr cannot be set.
2023-09-05 12:41:10,277 [INFO] Updater:1056 - Updater Version found : 6.9.1
2023-09-05 12:41:10,296 [INFO] ApplicationProperties:184 - Using Application install path: C:\ST\STM32CubeIDE_1.13.1\STM32CubeIDE\plugins\com.st.stm32cube.common.mx_6.9.1.202307191849
2023-09-05 12:41:10,444 [INFO] MainUpdater:2868 - connection check result : 10
2023-09-05 12:41:10,445 [INFO] MainUpdater:285 - Updater Check For Update Now.
2023-09-05 12:41:10,445 [INFO] MicroXplorer:498 - Change Database Version : DB.6.0.91
2023-09-05 12:41:10,475 [INFO] McuFinderGlobals:63 - Set McuFinder mode to 2 (CubeIDE integrated)
2023-09-05 12:41:10,609 [INFO] CheckServerUpdateThread:120 - End of CheckServer Thread
2023-09-05 12:41:12,061 [WARN] PackLoader:240 - Cannot read IP mode file for STMicroelectronics.X-CUBE-SMBUS.2.1.0
2023-09-05 12:41:12,085 [WARN] PackLoader:240 - Cannot read IP mode file for STMicroelectronics.X-CUBE-AZRTOS-F7.1.1.0
2023-09-05 12:41:12,095 [WARN] PackLoader:240 - Cannot read IP mode file for STMicroelectronics.FP-SNS-MOTENV1.4.3.2
2023-09-05 12:41:12,101 [WARN] PackLoader:240 - Cannot read IP mode file for STMicroelectronics.FP-SNS-FLIGHT1.5.0.2
2023-09-05 12:41:12,110 [WARN] PackLoader:240 - Cannot read IP mode file for STMicroelectronics.X-CUBE-DISPLAY.3.0.0
2023-09-05 12:41:12,126 [WARN] PackLoader:240 - Cannot read IP mode file for STMicroelectronics.X-CUBE-BLE1.7.0.0
2023-09-05 12:41:12,131 [WARN] PackLoader:240 - Cannot read IP mode file for emotas.I-CUBE-CANOPEN.1.3.0
2023-09-05 12:41:12,137 [WARN] PackLoader:240 - Cannot read IP mode file for STMicroelectronics.X-CUBE-TOUCHGFX.4.22.0
2023-09-05 12:41:12,147 [INFO] LogOutputStream:77 - [STDOUT_REDIRECT] 1 : Invalid condition id : UX_CORESTACK_Condition cause : null
2023-09-05 12:41:12,147 [INFO] LogOutputStream:77 - [STDOUT_REDIRECT] 1 : Invalid condition id : UX_CORESTACK_Condition cause : null
2023-09-05 12:41:12,148 [INFO] LogOutputStream:77 - [STDOUT_REDIRECT] 1 : Invalid condition id : UX_CORESTACK_Condition cause : null
2023-09-05 12:41:12,150 [INFO] LogOutputStream:77 - [STDOUT_REDIRECT] 1 : Invalid condition id : UX_CORESTACK_Condition cause : null
2023-09-05 12:41:12,151 [INFO] LogOutputStream:77 - [STDOUT_REDIRECT] 1 : Invalid condition id : UX_CORESTACK_Condition cause : null
2023-09-05 12:41:12,154 [WARN] PackLoader:240 - Cannot read IP mode file for STMicroelectronics.X-CUBE-AZRTOS-WL.2.0.0
2023-09-05 12:41:12,165 [WARN] PackLoader:240 - Cannot read IP mode file for WES.I-CUBE-Cesium.1.3.0
2023-09-05 12:41:12,170 [WARN] PackLoader:240 - Cannot read IP mode file for STMicroelectronics.X-CUBE-BLE2.3.3.0
2023-09-05 12:41:12,177 [WARN] PackLoader:240 - Cannot read IP mode file for STMicroelectronics.X-CUBE-ALGOBUILD.1.3.0
2023-09-05 12:41:12,193 [WARN] PackLoader:240 - Cannot read IP mode file for STMicroelectronics.X-CUBE-AZRTOS-G0.1.1.0
2023-09-05 12:41:12,200 [WARN] PackLoader:240 - Cannot read IP mode file for STMicroelectronics.X-CUBE-NFC4.3.0.0
2023-09-05 12:41:12,205 [WARN] PackLoader:240 - Cannot read IP mode file for STMicroelectronics.FP-ATR-SIGFOX1.3.2.0
2023-09-05 12:41:12,233 [WARN] PackLoader:240 - Cannot read IP mode file for SEGGER.I-CUBE-embOS.1.3.1
2023-09-05 12:41:12,268 [WARN] PackLoader:240 - Cannot read IP mode file for STMicroelectronics.X-CUBE-GNSS1.6.0.0
2023-09-05 12:41:12,283 [WARN] PackLoader:240 - Cannot read IP mode file for STMicroelectronics.X-CUBE-AZRTOS-F4.1.1.0
2023-09-05 12:41:12,290 [WARN] PackLoader:240 - Cannot read IP mode file for wolfSSL.I-CUBE-wolfSSL.5.6.3
2023-09-05 12:41:12,303 [WARN] PackLoader:240 - Cannot read IP mode file for STMicroelectronics.X-CUBE-AZRTOS-L5.2.0.0
2023-09-05 12:41:12,336 [WARN] PackLoader:240 - Cannot read IP mode file for STMicroelectronics.X-CUBE-MEMS1.9.6.0
2023-09-05 12:41:12,466 [WARN] PackLoader:240 - Cannot read IP mode file for STMicroelectronics.X-CUBE-BLEMGR.2.0.0
2023-09-05 12:41:12,476 [WARN] ConditionMgr:438 - getConditionDescription Invalid condition id : UX DEVICE CLASS RTOS Condition cause : null
2023-09-05 12:41:12,477 [WARN] ConditionMgr:438 - getConditionDescription Invalid condition id : UX DEVICE CLASS RTOS Condition cause : null
2023-09-05 12:41:12,478 [WARN] PackLoader:240 - Cannot read IP mode file for STMicroelectronics.X-CUBE-AZRTOS-H7.3.1.0
2023-09-05 12:41:12,479 [WARN] ConditionMgr:1039 - genDependencies : Invalid condition id : UX DEVICE CLASS RTOS Condition cause : null
2023-09-05 12:41:12,479 [WARN] ConditionMgr:1039 - genDependencies : Invalid condition id : UX DEVICE CLASS RTOS Condition cause : null
2023-09-05 12:41:12,479 [WARN] ConditionMgr:1039 - genDependencies : Invalid condition id : UX DEVICE CLASS RTOS Condition cause : null
2023-09-05 12:41:12,480 [WARN] ConditionMgr:1039 - genDependencies : Invalid condition id : UX DEVICE CLASS RTOS Condition cause : null
2023-09-05 12:41:12,480 [WARN] ConditionMgr:1039 - genDependencies : Invalid condition id : UX DEVICE CLASS RTOS Condition cause : null
2023-09-05 12:41:12,484 [WARN] PackLoader:240 - Cannot read IP mode file for STMicroelectronics.X-CUBE-NFC7.1.0.1
2023-09-05 12:41:12,488 [WARN] PackLoader:240 - Cannot read IP mode file for STMicroelectronics.X-CUBE-EEPRMA1.4.1.0
2023-09-05 12:41:12,492 [WARN] PackLoader:240 - Cannot read IP mode file for STMicroelectronics.X-CUBE-AI.8.1.0
2023-09-05 12:41:12,502 [WARN] ConditionMgr:438 - getConditionDescription Invalid condition id : LAN8742 Phy interface Condition cause : null
2023-09-05 12:41:12,503 [WARN] PackLoader:240 - Cannot read IP mode file for STMicroelectronics.X-CUBE-AZRTOS-L4.2.0.0
2023-09-05 12:41:12,504 [WARN] ConditionMgr:1039 - genDependencies : Invalid condition id : LAN8742 Phy interface Condition cause : null
2023-09-05 12:41:12,504 [WARN] ConditionMgr:1039 - genDependencies : Invalid condition id : LAN8742 Phy interface Condition cause : null
2023-09-05 12:41:12,504 [WARN] ConditionMgr:1039 - genDependencies : Invalid condition id : LAN8742 Phy interface Condition cause : null
2023-09-05 12:41:12,510 [WARN] PackLoader:240 - Cannot read IP mode file for STMicroelectronics.X-CUBE-SFXS2LP1.4.0.0
2023-09-05 12:41:12,515 [WARN] PackLoader:240 - Cannot read IP mode file for STMicroelectronics.X-CUBE-ISPU.1.1.0
2023-09-05 12:41:12,524 [WARN] ConditionMgr:438 - getConditionDescription Invalid condition id : UX DEVICE CLASS RTOS Condition cause : null
2023-09-05 12:41:12,524 [WARN] ConditionMgr:438 - getConditionDescription Invalid condition id : UX DEVICE CLASS RTOS Condition cause : null
2023-09-05 12:41:12,525 [WARN] PackLoader:240 - Cannot read IP mode file for STMicroelectronics.X-CUBE-AZRTOS-WB.2.0.0
2023-09-05 12:41:12,526 [WARN] ConditionMgr:1039 - genDependencies : Invalid condition id : UX DEVICE CLASS RTOS Condition cause : null
2023-09-05 12:41:12,526 [WARN] ConditionMgr:1039 - genDependencies : Invalid condition id : UX DEVICE CLASS RTOS Condition cause : null
2023-09-05 12:41:12,526 [WARN] ConditionMgr:1039 - genDependencies : Invalid condition id : UX DEVICE CLASS RTOS Condition cause : null
2023-09-05 12:41:12,526 [WARN] ConditionMgr:1039 - genDependencies : Invalid condition id : UX DEVICE CLASS RTOS Condition cause : null
2023-09-05 12:41:12,526 [WARN] ConditionMgr:1039 - genDependencies : Invalid condition id : UX DEVICE CLASS RTOS Condition cause : null
2023-09-05 12:41:12,533 [WARN] PackLoader:240 - Cannot read IP mode file for STMicroelectronics.X-CUBE-SUBG2.5.0.0
2023-09-05 12:41:12,545 [WARN] PackLoader:240 - Cannot read IP mode file for STMicroelectronics.X-CUBE-TOF1.3.3.1
2023-09-05 12:41:12,560 [WARN] PackLoader:240 - Cannot read IP mode file for STMicroelectronics.X-CUBE-AZRTOS-G4.2.0.0
2023-09-05 12:41:12,564 [WARN] PackLoader:240 - Cannot read IP mode file for STMicroelectronics.X-CUBE-FREERTOS.1.1.0
2023-09-05 12:41:12,569 [WARN] PackLoader:240 - Cannot read IP mode file for portGmbH.I-Cube-SoM-uGOAL.1.1.0
2023-09-05 12:41:12,573 [WARN] PackLoader:240 - Cannot read IP mode file for STMicroelectronics.X-CUBE-ALS.1.0.1
2023-09-05 12:41:12,577 [WARN] PackLoader:240 - Cannot read IP mode file for STMicroelectronics.FP-ATR-ASTRA1.2.0.0
2023-09-05 12:41:12,579 [INFO] ThirdParty:978 - Integrity check success = true
2023-09-05 12:41:12,579 [INFO] IntegrityCheckThread:100 - exiting critical section [integrity check]
2023-09-05 12:41:12,579 [INFO] IntegrityCheckThread:103 - End integrity checks thread
2023-09-05 12:41:31,331 [ERROR] LogOutputStream:75 - [STDERR_REDIRECT] SLF4J: Failed to load class "org.slf4j.impl.StaticLoggerBinder".
2023-09-05 12:41:31,332 [ERROR] LogOutputStream:75 - [STDERR_REDIRECT] SLF4J: Defaulting to no-operation (NOP) logger implementation
2023-09-05 12:41:31,332 [ERROR] LogOutputStream:75 - [STDERR_REDIRECT] SLF4J: See http://www.slf4j.org/codes.html#StaticLoggerBinder for further details.
2023-09-05 12:43:05,388 [INFO] Activator:176 - 


2023-09-05 12:43:05,390 [INFO] Activator:177 - !SESSION log4j initialized
2023-09-05 12:43:08,482 [INFO] LogOutputStream:77 - [STDOUT_REDIRECT] 
2023-09-05 12:43:09,231 [INFO] ApplicationProperties:184 - Using Application install path: C:\ST\STM32CubeIDE_1.13.1\STM32CubeIDE\plugins\com.st.stm32cube.common.mx_6.9.1.202307191849
2023-09-05 12:43:09,258 [INFO] DbMcusXml:78 - Set database path to: C:\ST\STM32CubeIDE_1.13.1\STM32CubeIDE\plugins\com.st.stm32cube.common.mx_6.9.1.202307191849\\db\/mcu/
2023-09-05 12:43:09,259 [INFO] ApiDb:274 - Set plugin database path to: C:\ST\STM32CubeIDE_1.13.1\STM32CubeIDE\plugins\com.st.stm32cube.common.mx_6.9.1.202307191849\\db\/plugins/boardmanager/
2023-09-05 12:43:09,259 [WARN] ApiDb:259 - Overriding images path with different value:  => C:\ST\STM32CubeIDE_1.13.1\STM32CubeIDE\plugins\com.st.stm32cube.common.mx_6.9.1.202307191849\\db\/plugins/mcufinder/images/
2023-09-05 12:43:09,265 [INFO] ApiDb:250 - Set database path to: C:\Users\Marisa\.stmcufinder\plugins\mcufinder//mcu/
2023-09-05 12:43:09,266 [INFO] DbMcusAds:125 - Set database path to: C:\Users\Marisa\.stmcufinder\plugins\mcufinder//mcu/
2023-09-05 12:43:09,267 [INFO] CrossReferenceDbSqlite:203 - Set database path to: C:\Users\Marisa\.stmcufinder\plugins\mcufinder//mcu/cs/
2023-09-05 12:43:09,368 [INFO] RulesReader:64 - Compatibility file has been processed (293 Rules)
2023-09-05 12:43:09,439 [INFO] DbMcusXml:78 - Set database path to: C:\ST\STM32CubeIDE_1.13.1\STM32CubeIDE\plugins\com.st.stm32cube.common.mx_6.9.1.202307191849\\db\/mcu/
2023-09-05 12:43:09,440 [INFO] ApiDb:274 - Set plugin database path to: C:\ST\STM32CubeIDE_1.13.1\STM32CubeIDE\plugins\com.st.stm32cube.common.mx_6.9.1.202307191849\\db\/plugins/boardmanager/
2023-09-05 12:43:09,440 [INFO] ApiDb:261 - Set plugin images path to: C:\ST\STM32CubeIDE_1.13.1\STM32CubeIDE\plugins\com.st.stm32cube.common.mx_6.9.1.202307191849\\db\/plugins/mcufinder/images/
2023-09-05 12:43:09,440 [WARN] DbFile:41 - Overriding database path with different value: C:\Users\Marisa\.stmcufinder\plugins\mcufinder/ => C:\Users\Marisa\.stmcufinder\plugins\mcufinder
2023-09-05 12:43:09,440 [INFO] ApiDb:250 - Set database path to: C:\Users\Marisa\.stmcufinder\plugins\mcufinder//mcu/
2023-09-05 12:43:09,440 [WARN] DbFile:41 - Overriding database path with different value: C:\Users\Marisa\.stmcufinder\plugins\mcufinder/ => C:\Users\Marisa\.stmcufinder\plugins\mcufinder
2023-09-05 12:43:09,440 [INFO] DbMcusAds:125 - Set database path to: C:\Users\Marisa\.stmcufinder\plugins\mcufinder//mcu/
2023-09-05 12:43:09,440 [WARN] DbFile:41 - Overriding database path with different value: C:\Users\Marisa\.stmcufinder\plugins\mcufinder/ => C:\Users\Marisa\.stmcufinder\plugins\mcufinder
2023-09-05 12:43:09,440 [WARN] DbFile:41 - Overriding database path with different value: C:\Users\Marisa\.stmcufinder\plugins\mcufinder/ => C:\Users\Marisa\.stmcufinder\plugins\mcufinder
2023-09-05 12:43:09,440 [INFO] CrossReferenceDbSqlite:203 - Set database path to: C:\Users\Marisa\.stmcufinder\plugins\mcufinder//mcu/cs/
2023-09-05 12:43:09,505 [INFO] MainPanel:262 - HeapMemory: 268435456
2023-09-05 12:43:09,580 [INFO] DbMcusXml:78 - Set database path to: C:\ST\STM32CubeIDE_1.13.1\STM32CubeIDE\plugins\com.st.stm32cube.common.mx_6.9.1.202307191849\\db\/mcu/
2023-09-05 12:43:09,580 [INFO] ApiDb:274 - Set plugin database path to: C:\ST\STM32CubeIDE_1.13.1\STM32CubeIDE\plugins\com.st.stm32cube.common.mx_6.9.1.202307191849\\db\/plugins/boardmanager/
2023-09-05 12:43:09,580 [INFO] ApiDb:261 - Set plugin images path to: C:\ST\STM32CubeIDE_1.13.1\STM32CubeIDE\plugins\com.st.stm32cube.common.mx_6.9.1.202307191849\\db\/plugins/mcufinder/images/
2023-09-05 12:43:09,581 [WARN] DbFile:41 - Overriding database path with different value: C:\Users\Marisa\.stmcufinder\plugins\mcufinder/ => C:\Users\Marisa\.stmcufinder\plugins\mcufinder
2023-09-05 12:43:09,581 [INFO] ApiDb:250 - Set database path to: C:\Users\Marisa\.stmcufinder\plugins\mcufinder//mcu/
2023-09-05 12:43:09,581 [WARN] DbFile:41 - Overriding database path with different value: C:\Users\Marisa\.stmcufinder\plugins\mcufinder/ => C:\Users\Marisa\.stmcufinder\plugins\mcufinder
2023-09-05 12:43:09,581 [INFO] DbMcusAds:125 - Set database path to: C:\Users\Marisa\.stmcufinder\plugins\mcufinder//mcu/
2023-09-05 12:43:09,581 [WARN] DbFile:41 - Overriding database path with different value: C:\Users\Marisa\.stmcufinder\plugins\mcufinder/ => C:\Users\Marisa\.stmcufinder\plugins\mcufinder
2023-09-05 12:43:09,581 [WARN] DbFile:41 - Overriding database path with different value: C:\Users\Marisa\.stmcufinder\plugins\mcufinder/ => C:\Users\Marisa\.stmcufinder\plugins\mcufinder
2023-09-05 12:43:09,581 [INFO] CrossReferenceDbSqlite:203 - Set database path to: C:\Users\Marisa\.stmcufinder\plugins\mcufinder//mcu/cs/
2023-09-05 12:43:09,597 [INFO] ApplicationProperties:184 - Using Application install path: C:\ST\STM32CubeIDE_1.13.1\STM32CubeIDE\plugins\com.st.stm32cube.common.mx_6.9.1.202307191849
2023-09-05 12:43:09,598 [INFO] PluginManage:196 - Search for loadable plugins [exclusion list=, ]
2023-09-05 12:43:09,600 [INFO] PluginManage:310 - Check plugin analytics
2023-09-05 12:43:09,817 [INFO] AnalyticsPlugin:253 - Accepted Software Licenses: 
2023-09-05 12:43:09,817 [INFO] AnalyticsPlugin:255 - Accepted CMSIS Pack Licenses: 
2023-09-05 12:43:09,817 [INFO] AnalyticsPlugin:257 - Accepted Firmware Licenses: FW.L4.1.18.0
2023-09-05 12:43:09,821 [INFO] PluginManage:359 - Loaded plugin analytics (category:tool,tabindex:-1)
2023-09-05 12:43:09,822 [INFO] PluginManage:310 - Check plugin cadmodel
2023-09-05 12:43:09,828 [INFO] CADModel:105 - Init CAD model plugin
2023-09-05 12:43:09,828 [INFO] PluginManage:359 - Loaded plugin cadmodel (category:power,tabindex:5)
2023-09-05 12:43:09,828 [INFO] PluginManage:310 - Check plugin clock
2023-09-05 12:43:09,841 [INFO] PluginManage:359 - Loaded plugin clock (category:base,tabindex:2)
2023-09-05 12:43:09,841 [INFO] PluginManage:310 - Check plugin ddr
2023-09-05 12:43:09,844 [INFO] PluginManage:359 - Loaded plugin ddr (category:tool,tabindex:6)
2023-09-05 12:43:09,844 [INFO] PluginManage:310 - Check plugin filemanager
2023-09-05 12:43:10,031 [INFO] PluginManage:359 - Loaded plugin filemanager (category:base,tabindex:10)
2023-09-05 12:43:10,032 [INFO] PluginManage:310 - Check plugin ipmanager
2023-09-05 12:43:10,047 [INFO] PluginManage:359 - Loaded plugin ipmanager (category:base,tabindex:5)
2023-09-05 12:43:10,047 [INFO] PluginManage:310 - Check plugin lpbam
2023-09-05 12:43:10,055 [INFO] PluginManage:359 - Loaded plugin lpbam (category:base,tabindex:0)
2023-09-05 12:43:10,055 [INFO] PluginManage:310 - Check plugin memorymap
2023-09-05 12:43:10,063 [INFO] PluginManage:359 - Loaded plugin memorymap (category:base,tabindex:4)
2023-09-05 12:43:10,063 [INFO] PluginManage:310 - Check plugin pinoutandconfiguration
2023-09-05 12:43:10,068 [INFO] PluginManage:359 - Loaded plugin pinoutandconfiguration (category:base,tabindex:1)
2023-09-05 12:43:10,068 [INFO] PluginManage:310 - Check plugin pinoutconfig
2023-09-05 12:43:10,168 [WARN] SupportedApi:132 - Cannot load RTOS API schema: s4s-elt-must-match.1: The content of 'definitions' must match (annotation?, (simpleType | complexType)?, (unique | key | keyref)*)). A problem was found starting at: attribute.
2023-09-05 12:43:10,312 [INFO] PluginManage:359 - Loaded plugin pinoutconfig (category:base,tabindex:0)
2023-09-05 12:43:10,312 [INFO] PluginManage:310 - Check plugin power
2023-09-05 12:43:10,318 [INFO] PluginManage:359 - Loaded plugin power (category:power,tabindex:4)
2023-09-05 12:43:10,318 [INFO] PluginManage:310 - Check plugin projectmanager
2023-09-05 12:43:10,327 [INFO] PluginManage:359 - Loaded plugin projectmanager (category:projectmanager,tabindex:3)
2023-09-05 12:43:10,327 [INFO] PluginManage:310 - Check plugin thirdparty
2023-09-05 12:43:10,481 [WARN] IntegrityCheckThread:84 - waiting for thirdparty lock release [integrity check]
2023-09-05 12:43:10,481 [INFO] IntegrityCheckThread:86 - entering critical section [integrity check]
2023-09-05 12:43:10,482 [INFO] PluginManage:359 - Loaded plugin thirdparty (category:base,tabindex:-1)
2023-09-05 12:43:10,482 [INFO] ThirdPartyUpdaterWithRetryManager:70 - Updater plugin not ready yet. [1/15]
2023-09-05 12:43:10,482 [INFO] PluginManage:310 - Check plugin tools
2023-09-05 12:43:10,487 [INFO] PluginManage:359 - Loaded plugin tools (category:base,tabindex:7)
2023-09-05 12:43:10,487 [INFO] PluginManage:310 - Check plugin tutovideos
2023-09-05 12:43:10,614 [INFO] PluginManage:359 - Loaded plugin tutovideos (category:base,tabindex:-1)
2023-09-05 12:43:10,615 [INFO] PluginManage:310 - Check plugin updater
2023-09-05 12:43:10,641 [INFO] PluginManage:359 - Loaded plugin updater (category:base,tabindex:12)
2023-09-05 12:43:10,641 [INFO] PluginManage:310 - Check plugin userauth
2023-09-05 12:43:10,649 [INFO] UserAuth:113 - Init User Auth plugin
2023-09-05 12:43:10,649 [INFO] PluginManage:359 - Loaded plugin userauth (category:base,tabindex:14)
2023-09-05 12:43:10,649 [INFO] PluginManage:283 - PluginManage : Loaded plugins [17]
2023-09-05 12:43:10,856 [INFO] PinOutPanel:1499 - setPackage(No Configuration,No Configuration)
2023-09-05 12:43:10,969 [INFO] CADModel:165 - CPN selected for project level
2023-09-05 12:43:10,969 [INFO] CADModel:114 - Register for checkConnection events
2023-09-05 12:43:10,981 [INFO] IPUIPlugin:80 - create IPUIPlugin
2023-09-05 12:43:10,981 [INFO] PluginManager:220 - loadIPPluginJar : add adc
2023-09-05 12:43:10,983 [INFO] IPUIPlugin:80 - create IPUIPlugin
2023-09-05 12:43:10,983 [INFO] PluginManager:220 - loadIPPluginJar : add aes
2023-09-05 12:43:10,985 [INFO] IPUIPlugin:80 - create IPUIPlugin
2023-09-05 12:43:10,985 [INFO] PluginManager:220 - loadIPPluginJar : add can
2023-09-05 12:43:10,986 [INFO] IPUIPlugin:80 - create IPUIPlugin
2023-09-05 12:43:10,986 [INFO] PluginManager:220 - loadIPPluginJar : add comp
2023-09-05 12:43:10,988 [INFO] IPUIPlugin:80 - create IPUIPlugin
2023-09-05 12:43:10,988 [INFO] PluginManager:220 - loadIPPluginJar : add cryp
2023-09-05 12:43:10,990 [INFO] IPUIPlugin:80 - create IPUIPlugin
2023-09-05 12:43:10,990 [INFO] PluginManager:220 - loadIPPluginJar : add dfsdm
2023-09-05 12:43:10,994 [INFO] IPUIPlugin:80 - create IPUIPlugin
2023-09-05 12:43:10,995 [INFO] PluginManager:220 - loadIPPluginJar : add dma
2023-09-05 12:43:10,998 [INFO] IPUIPlugin:80 - create IPUIPlugin
2023-09-05 12:43:10,998 [INFO] PluginManager:220 - loadIPPluginJar : add dma3
2023-09-05 12:43:10,999 [INFO] IPUIPlugin:80 - create IPUIPlugin
2023-09-05 12:43:10,999 [INFO] PluginManager:220 - loadIPPluginJar : add fatfs
2023-09-05 12:43:11,002 [INFO] IPUIPlugin:80 - create IPUIPlugin
2023-09-05 12:43:11,002 [INFO] PluginManager:220 - loadIPPluginJar : add fmc
2023-09-05 12:43:11,006 [INFO] IPUIPlugin:80 - create IPUIPlugin
2023-09-05 12:43:11,006 [INFO] PluginManager:220 - loadIPPluginJar : add freertos
2023-09-05 12:43:11,007 [INFO] IPUIPlugin:80 - create IPUIPlugin
2023-09-05 12:43:11,007 [INFO] PluginManager:220 - loadIPPluginJar : add genericplugin
2023-09-05 12:43:11,008 [INFO] IPUIPlugin:80 - create IPUIPlugin
2023-09-05 12:43:11,008 [INFO] PluginManager:220 - loadIPPluginJar : add gfxmmu
2023-09-05 12:43:11,014 [INFO] IPUIPlugin:80 - create IPUIPlugin
2023-09-05 12:43:11,015 [INFO] PluginManager:220 - loadIPPluginJar : add gic
2023-09-05 12:43:11,023 [INFO] IPUIPlugin:80 - create IPUIPlugin
2023-09-05 12:43:11,023 [INFO] PluginManager:220 - loadIPPluginJar : add gpio
2023-09-05 12:43:11,025 [INFO] IPUIPlugin:80 - create IPUIPlugin
2023-09-05 12:43:11,025 [INFO] PluginManager:220 - loadIPPluginJar : add gtzc
2023-09-05 12:43:11,026 [INFO] IPUIPlugin:80 - create IPUIPlugin
2023-09-05 12:43:11,026 [INFO] PluginManager:220 - loadIPPluginJar : add hash
2023-09-05 12:43:11,029 [INFO] IPUIPlugin:80 - create IPUIPlugin
2023-09-05 12:43:11,029 [INFO] PluginManager:220 - loadIPPluginJar : add i2c
2023-09-05 12:43:11,031 [INFO] IPUIPlugin:80 - create IPUIPlugin
2023-09-05 12:43:11,031 [INFO] PluginManager:220 - loadIPPluginJar : add i2s
2023-09-05 12:43:11,032 [INFO] IPUIPlugin:80 - create IPUIPlugin
2023-09-05 12:43:11,032 [INFO] PluginManager:220 - loadIPPluginJar : add i3c
2023-09-05 12:43:11,036 [INFO] IPUIPlugin:80 - create IPUIPlugin
2023-09-05 12:43:11,036 [INFO] PluginManager:220 - loadIPPluginJar : add ipddr
2023-09-05 12:43:11,044 [INFO] IPUIPlugin:80 - create IPUIPlugin
2023-09-05 12:43:11,044 [INFO] PluginManager:220 - loadIPPluginJar : add linkedlist
2023-09-05 12:43:11,046 [INFO] IPUIPlugin:80 - create IPUIPlugin
2023-09-05 12:43:11,046 [INFO] PluginManager:220 - loadIPPluginJar : add lorawan
2023-09-05 12:43:11,048 [INFO] IPUIPlugin:80 - create IPUIPlugin
2023-09-05 12:43:11,048 [INFO] PluginManager:220 - loadIPPluginJar : add ltdc
2023-09-05 12:43:11,058 [INFO] IPUIPlugin:80 - create IPUIPlugin
2023-09-05 12:43:11,058 [INFO] PluginManager:220 - loadIPPluginJar : add mdma
2023-09-05 12:43:11,066 [INFO] IPUIPlugin:80 - create IPUIPlugin
2023-09-05 12:43:11,066 [INFO] PluginManager:220 - loadIPPluginJar : add nvic
2023-09-05 12:43:11,070 [INFO] IPUIPlugin:80 - create IPUIPlugin
2023-09-05 12:43:11,070 [INFO] PluginManager:220 - loadIPPluginJar : add opamp
2023-09-05 12:43:11,072 [INFO] IPUIPlugin:80 - create IPUIPlugin
2023-09-05 12:43:11,072 [INFO] PluginManager:220 - loadIPPluginJar : add openamp
2023-09-05 12:43:11,073 [INFO] IPUIPlugin:80 - create IPUIPlugin
2023-09-05 12:43:11,073 [INFO] PluginManager:220 - loadIPPluginJar : add pdm2pcm
2023-09-05 12:43:11,078 [INFO] IPUIPlugin:80 - create IPUIPlugin
2023-09-05 12:43:11,079 [INFO] PluginManager:220 - loadIPPluginJar : add plateformsettings
2023-09-05 12:43:11,080 [INFO] IPUIPlugin:80 - create IPUIPlugin
2023-09-05 12:43:11,082 [INFO] PluginManager:220 - loadIPPluginJar : add quadspi
2023-09-05 12:43:11,083 [INFO] IPUIPlugin:80 - create IPUIPlugin
2023-09-05 12:43:11,084 [INFO] PluginManager:220 - loadIPPluginJar : add resmgrutility
2023-09-05 12:43:11,086 [INFO] IPUIPlugin:80 - create IPUIPlugin
2023-09-05 12:43:11,086 [INFO] PluginManager:220 - loadIPPluginJar : add sai
2023-09-05 12:43:11,087 [INFO] IPUIPlugin:80 - create IPUIPlugin
2023-09-05 12:43:11,087 [INFO] PluginManager:220 - loadIPPluginJar : add spi
2023-09-05 12:43:11,089 [INFO] IPUIPlugin:80 - create IPUIPlugin
2023-09-05 12:43:11,091 [INFO] PluginManager:220 - loadIPPluginJar : add stm32_wpan
2023-09-05 12:43:11,092 [INFO] IPUIPlugin:80 - create IPUIPlugin
2023-09-05 12:43:11,092 [INFO] PluginManager:220 - loadIPPluginJar : add tim
2023-09-05 12:43:11,100 [INFO] IPUIPlugin:80 - create IPUIPlugin
2023-09-05 12:43:11,100 [INFO] PluginManager:220 - loadIPPluginJar : add touchsensing
2023-09-05 12:43:11,102 [INFO] IPUIPlugin:80 - create IPUIPlugin
2023-09-05 12:43:11,102 [INFO] PluginManager:220 - loadIPPluginJar : add tracer_emb
2023-09-05 12:43:11,104 [INFO] IPUIPlugin:80 - create IPUIPlugin
2023-09-05 12:43:11,104 [INFO] PluginManager:220 - loadIPPluginJar : add ts
2023-09-05 12:43:11,104 [INFO] IPUIPlugin:80 - create IPUIPlugin
2023-09-05 12:43:11,104 [INFO] PluginManager:220 - loadIPPluginJar : add tsc
2023-09-05 12:43:11,105 [INFO] IPUIPlugin:80 - create IPUIPlugin
2023-09-05 12:43:11,105 [INFO] PluginManager:220 - loadIPPluginJar : add ucpd
2023-09-05 12:43:11,110 [INFO] IPUIPlugin:80 - create IPUIPlugin
2023-09-05 12:43:11,110 [INFO] PluginManager:220 - loadIPPluginJar : add usart
2023-09-05 12:43:11,119 [INFO] IPUIPlugin:80 - create IPUIPlugin
2023-09-05 12:43:11,119 [INFO] PluginManager:220 - loadIPPluginJar : add usbx
2023-09-05 12:43:11,233 [INFO] CADModel:165 - CPN selected for project level
2023-09-05 12:43:11,234 [INFO] CADModel:114 - Register for checkConnection events
2023-09-05 12:43:11,234 [FATAL] Updater:308 - Updater called before beeing initialized
2023-09-05 12:43:11,234 [ERROR] CADModel:125 - Updater not yet initialized, retry later 
2023-09-05 12:43:11,391 [INFO] CADModel:165 - CPN selected for project level
2023-09-05 12:43:11,391 [INFO] CADModel:114 - Register for checkConnection events
2023-09-05 12:43:11,391 [FATAL] Updater:308 - Updater called before beeing initialized
2023-09-05 12:43:11,391 [ERROR] CADModel:125 - Updater not yet initialized, retry later 
2023-09-05 12:43:11,394 [FATAL] Updater:308 - Updater called before beeing initialized
2023-09-05 12:43:11,467 [FATAL] Updater:308 - Updater called before beeing initialized
2023-09-05 12:43:11,473 [INFO] DbMcusAds:53 - JSON generation date=Tue Mar 07 03:50:55 EST 2023 (1678179055114)
2023-09-05 12:43:11,473 [FATAL] Updater:308 - Updater called before beeing initialized
2023-09-05 12:43:11,507 [WARN] DetailPanel:346 - Failed to get advertising image, set to default
2023-09-05 12:43:11,578 [FATAL] Updater:308 - Updater called before beeing initialized
2023-09-05 12:43:11,579 [FATAL] Updater:308 - Updater called before beeing initialized
2023-09-05 12:43:11,579 [FATAL] Updater:308 - Updater called before beeing initialized
2023-09-05 12:43:11,579 [WARN] DetailPanel:346 - Failed to get advertising image, set to default
2023-09-05 12:43:11,580 [FATAL] Updater:308 - Updater called before beeing initialized
2023-09-05 12:43:11,622 [ERROR] Updater:1120 - MainUpdater not yet initialized. External WinMGr cannot be set.
2023-09-05 12:43:11,623 [INFO] Updater:1056 - Updater Version found : 6.9.1
2023-09-05 12:43:11,637 [INFO] ApplicationProperties:184 - Using Application install path: C:\ST\STM32CubeIDE_1.13.1\STM32CubeIDE\plugins\com.st.stm32cube.common.mx_6.9.1.202307191849
2023-09-05 12:43:11,768 [INFO] MainUpdater:2868 - connection check result : 10
2023-09-05 12:43:11,769 [INFO] MainUpdater:285 - Updater Check For Update Now.
2023-09-05 12:43:11,769 [INFO] MicroXplorer:498 - Change Database Version : DB.6.0.91
2023-09-05 12:43:11,802 [INFO] McuFinderGlobals:63 - Set McuFinder mode to 2 (CubeIDE integrated)
2023-09-05 12:43:11,927 [INFO] CheckServerUpdateThread:120 - End of CheckServer Thread
2023-09-05 12:43:13,658 [WARN] PackLoader:240 - Cannot read IP mode file for STMicroelectronics.X-CUBE-SMBUS.2.1.0
2023-09-05 12:43:13,702 [WARN] PackLoader:240 - Cannot read IP mode file for STMicroelectronics.X-CUBE-AZRTOS-F7.1.1.0
2023-09-05 12:43:13,711 [WARN] PackLoader:240 - Cannot read IP mode file for STMicroelectronics.FP-SNS-MOTENV1.4.3.2
2023-09-05 12:43:13,715 [WARN] PackLoader:240 - Cannot read IP mode file for STMicroelectronics.FP-SNS-FLIGHT1.5.0.2
2023-09-05 12:43:13,722 [WARN] PackLoader:240 - Cannot read IP mode file for STMicroelectronics.X-CUBE-DISPLAY.3.0.0
2023-09-05 12:43:13,737 [WARN] PackLoader:240 - Cannot read IP mode file for STMicroelectronics.X-CUBE-BLE1.7.0.0
2023-09-05 12:43:13,742 [WARN] PackLoader:240 - Cannot read IP mode file for emotas.I-CUBE-CANOPEN.1.3.0
2023-09-05 12:43:13,748 [WARN] PackLoader:240 - Cannot read IP mode file for STMicroelectronics.X-CUBE-TOUCHGFX.4.22.0
2023-09-05 12:43:13,759 [INFO] LogOutputStream:77 - [STDOUT_REDIRECT] 1 : Invalid condition id : UX_CORESTACK_Condition cause : null
2023-09-05 12:43:13,760 [INFO] LogOutputStream:77 - [STDOUT_REDIRECT] 1 : Invalid condition id : UX_CORESTACK_Condition cause : null
2023-09-05 12:43:13,761 [INFO] LogOutputStream:77 - [STDOUT_REDIRECT] 1 : Invalid condition id : UX_CORESTACK_Condition cause : null
2023-09-05 12:43:13,763 [INFO] LogOutputStream:77 - [STDOUT_REDIRECT] 1 : Invalid condition id : UX_CORESTACK_Condition cause : null
2023-09-05 12:43:13,765 [INFO] LogOutputStream:77 - [STDOUT_REDIRECT] 1 : Invalid condition id : UX_CORESTACK_Condition cause : null
2023-09-05 12:43:13,767 [WARN] PackLoader:240 - Cannot read IP mode file for STMicroelectronics.X-CUBE-AZRTOS-WL.2.0.0
2023-09-05 12:43:13,779 [WARN] PackLoader:240 - Cannot read IP mode file for WES.I-CUBE-Cesium.1.3.0
2023-09-05 12:43:13,783 [WARN] PackLoader:240 - Cannot read IP mode file for STMicroelectronics.X-CUBE-BLE2.3.3.0
2023-09-05 12:43:13,788 [WARN] PackLoader:240 - Cannot read IP mode file for STMicroelectronics.X-CUBE-ALGOBUILD.1.3.0
2023-09-05 12:43:13,804 [WARN] PackLoader:240 - Cannot read IP mode file for STMicroelectronics.X-CUBE-AZRTOS-G0.1.1.0
2023-09-05 12:43:13,809 [WARN] PackLoader:240 - Cannot read IP mode file for STMicroelectronics.X-CUBE-NFC4.3.0.0
2023-09-05 12:43:13,813 [WARN] PackLoader:240 - Cannot read IP mode file for STMicroelectronics.FP-ATR-SIGFOX1.3.2.0
2023-09-05 12:43:13,833 [WARN] PackLoader:240 - Cannot read IP mode file for SEGGER.I-CUBE-embOS.1.3.1
2023-09-05 12:43:13,859 [WARN] PackLoader:240 - Cannot read IP mode file for STMicroelectronics.X-CUBE-GNSS1.6.0.0
2023-09-05 12:43:13,870 [WARN] PackLoader:240 - Cannot read IP mode file for STMicroelectronics.X-CUBE-AZRTOS-F4.1.1.0
2023-09-05 12:43:13,875 [WARN] PackLoader:240 - Cannot read IP mode file for wolfSSL.I-CUBE-wolfSSL.5.6.3
2023-09-05 12:43:13,891 [WARN] PackLoader:240 - Cannot read IP mode file for STMicroelectronics.X-CUBE-AZRTOS-L5.2.0.0
2023-09-05 12:43:13,919 [WARN] PackLoader:240 - Cannot read IP mode file for STMicroelectronics.X-CUBE-MEMS1.9.6.0
2023-09-05 12:43:14,002 [WARN] PackLoader:240 - Cannot read IP mode file for STMicroelectronics.X-CUBE-BLEMGR.2.0.0
2023-09-05 12:43:14,025 [WARN] ConditionMgr:438 - getConditionDescription Invalid condition id : UX DEVICE CLASS RTOS Condition cause : null
2023-09-05 12:43:14,026 [WARN] ConditionMgr:438 - getConditionDescription Invalid condition id : UX DEVICE CLASS RTOS Condition cause : null
2023-09-05 12:43:14,027 [WARN] PackLoader:240 - Cannot read IP mode file for STMicroelectronics.X-CUBE-AZRTOS-H7.3.1.0
2023-09-05 12:43:14,028 [WARN] ConditionMgr:1039 - genDependencies : Invalid condition id : UX DEVICE CLASS RTOS Condition cause : null
2023-09-05 12:43:14,028 [WARN] ConditionMgr:1039 - genDependencies : Invalid condition id : UX DEVICE CLASS RTOS Condition cause : null
2023-09-05 12:43:14,028 [WARN] ConditionMgr:1039 - genDependencies : Invalid condition id : UX DEVICE CLASS RTOS Condition cause : null
2023-09-05 12:43:14,028 [WARN] ConditionMgr:1039 - genDependencies : Invalid condition id : UX DEVICE CLASS RTOS Condition cause : null
2023-09-05 12:43:14,029 [WARN] ConditionMgr:1039 - genDependencies : Invalid condition id : UX DEVICE CLASS RTOS Condition cause : null
2023-09-05 12:43:14,032 [WARN] PackLoader:240 - Cannot read IP mode file for STMicroelectronics.X-CUBE-NFC7.1.0.1
2023-09-05 12:43:14,036 [WARN] PackLoader:240 - Cannot read IP mode file for STMicroelectronics.X-CUBE-EEPRMA1.4.1.0
2023-09-05 12:43:14,039 [WARN] PackLoader:240 - Cannot read IP mode file for STMicroelectronics.X-CUBE-AI.8.1.0
2023-09-05 12:43:14,047 [WARN] ConditionMgr:438 - getConditionDescription Invalid condition id : LAN8742 Phy interface Condition cause : null
2023-09-05 12:43:14,048 [WARN] PackLoader:240 - Cannot read IP mode file for STMicroelectronics.X-CUBE-AZRTOS-L4.2.0.0
2023-09-05 12:43:14,048 [WARN] ConditionMgr:1039 - genDependencies : Invalid condition id : LAN8742 Phy interface Condition cause : null
2023-09-05 12:43:14,049 [WARN] ConditionMgr:1039 - genDependencies : Invalid condition id : LAN8742 Phy interface Condition cause : null
2023-09-05 12:43:14,049 [WARN] ConditionMgr:1039 - genDependencies : Invalid condition id : LAN8742 Phy interface Condition cause : null
2023-09-05 12:43:14,053 [WARN] PackLoader:240 - Cannot read IP mode file for STMicroelectronics.X-CUBE-SFXS2LP1.4.0.0
2023-09-05 12:43:14,056 [WARN] PackLoader:240 - Cannot read IP mode file for STMicroelectronics.X-CUBE-ISPU.1.1.0
2023-09-05 12:43:14,062 [WARN] ConditionMgr:438 - getConditionDescription Invalid condition id : UX DEVICE CLASS RTOS Condition cause : null
2023-09-05 12:43:14,063 [WARN] ConditionMgr:438 - getConditionDescription Invalid condition id : UX DEVICE CLASS RTOS Condition cause : null
2023-09-05 12:43:14,064 [WARN] PackLoader:240 - Cannot read IP mode file for STMicroelectronics.X-CUBE-AZRTOS-WB.2.0.0
2023-09-05 12:43:14,064 [WARN] ConditionMgr:1039 - genDependencies : Invalid condition id : UX DEVICE CLASS RTOS Condition cause : null
2023-09-05 12:43:14,064 [WARN] ConditionMgr:1039 - genDependencies : Invalid condition id : UX DEVICE CLASS RTOS Condition cause : null
2023-09-05 12:43:14,064 [WARN] ConditionMgr:1039 - genDependencies : Invalid condition id : UX DEVICE CLASS RTOS Condition cause : null
2023-09-05 12:43:14,064 [WARN] ConditionMgr:1039 - genDependencies : Invalid condition id : UX DEVICE CLASS RTOS Condition cause : null
2023-09-05 12:43:14,064 [WARN] ConditionMgr:1039 - genDependencies : Invalid condition id : UX DEVICE CLASS RTOS Condition cause : null
2023-09-05 12:43:14,070 [WARN] PackLoader:240 - Cannot read IP mode file for STMicroelectronics.X-CUBE-SUBG2.5.0.0
2023-09-05 12:43:14,077 [WARN] PackLoader:240 - Cannot read IP mode file for STMicroelectronics.X-CUBE-TOF1.3.3.1
2023-09-05 12:43:14,089 [WARN] PackLoader:240 - Cannot read IP mode file for STMicroelectronics.X-CUBE-AZRTOS-G4.2.0.0
2023-09-05 12:43:14,093 [WARN] PackLoader:240 - Cannot read IP mode file for STMicroelectronics.X-CUBE-FREERTOS.1.1.0
2023-09-05 12:43:14,096 [WARN] PackLoader:240 - Cannot read IP mode file for portGmbH.I-Cube-SoM-uGOAL.1.1.0
2023-09-05 12:43:14,099 [WARN] PackLoader:240 - Cannot read IP mode file for STMicroelectronics.X-CUBE-ALS.1.0.1
2023-09-05 12:43:14,101 [WARN] PackLoader:240 - Cannot read IP mode file for STMicroelectronics.FP-ATR-ASTRA1.2.0.0
2023-09-05 12:43:14,102 [INFO] ThirdParty:978 - Integrity check success = true
2023-09-05 12:43:14,102 [INFO] IntegrityCheckThread:100 - exiting critical section [integrity check]
2023-09-05 12:43:14,102 [INFO] IntegrityCheckThread:103 - End integrity checks thread
2023-09-05 12:43:32,512 [ERROR] LogOutputStream:75 - [STDERR_REDIRECT] SLF4J: Failed to load class "org.slf4j.impl.StaticLoggerBinder".
2023-09-05 12:43:32,513 [ERROR] LogOutputStream:75 - [STDERR_REDIRECT] SLF4J: Defaulting to no-operation (NOP) logger implementation
2023-09-05 12:43:32,513 [ERROR] LogOutputStream:75 - [STDERR_REDIRECT] SLF4J: See http://www.slf4j.org/codes.html#StaticLoggerBinder for further details.
2023-09-05 12:43:50,475 [INFO] Activator:176 - 


2023-09-05 12:43:50,477 [INFO] Activator:177 - !SESSION log4j initialized
2023-09-05 12:43:53,277 [INFO] LogOutputStream:77 - [STDOUT_REDIRECT] 
2023-09-05 12:43:54,050 [INFO] ApplicationProperties:184 - Using Application install path: C:\ST\STM32CubeIDE_1.13.1\STM32CubeIDE\plugins\com.st.stm32cube.common.mx_6.9.1.202307191849
2023-09-05 12:43:54,071 [INFO] DbMcusXml:78 - Set database path to: C:\ST\STM32CubeIDE_1.13.1\STM32CubeIDE\plugins\com.st.stm32cube.common.mx_6.9.1.202307191849\\db\/mcu/
2023-09-05 12:43:54,072 [INFO] ApiDb:274 - Set plugin database path to: C:\ST\STM32CubeIDE_1.13.1\STM32CubeIDE\plugins\com.st.stm32cube.common.mx_6.9.1.202307191849\\db\/plugins/boardmanager/
2023-09-05 12:43:54,072 [WARN] ApiDb:259 - Overriding images path with different value:  => C:\ST\STM32CubeIDE_1.13.1\STM32CubeIDE\plugins\com.st.stm32cube.common.mx_6.9.1.202307191849\\db\/plugins/mcufinder/images/
2023-09-05 12:43:54,082 [INFO] ApiDb:250 - Set database path to: C:\Users\Marisa\.stmcufinder\plugins\mcufinder//mcu/
2023-09-05 12:43:54,083 [INFO] DbMcusAds:125 - Set database path to: C:\Users\Marisa\.stmcufinder\plugins\mcufinder//mcu/
2023-09-05 12:43:54,084 [INFO] CrossReferenceDbSqlite:203 - Set database path to: C:\Users\Marisa\.stmcufinder\plugins\mcufinder//mcu/cs/
2023-09-05 12:43:54,188 [INFO] RulesReader:64 - Compatibility file has been processed (293 Rules)
2023-09-05 12:43:54,249 [INFO] DbMcusXml:78 - Set database path to: C:\ST\STM32CubeIDE_1.13.1\STM32CubeIDE\plugins\com.st.stm32cube.common.mx_6.9.1.202307191849\\db\/mcu/
2023-09-05 12:43:54,249 [INFO] ApiDb:274 - Set plugin database path to: C:\ST\STM32CubeIDE_1.13.1\STM32CubeIDE\plugins\com.st.stm32cube.common.mx_6.9.1.202307191849\\db\/plugins/boardmanager/
2023-09-05 12:43:54,249 [INFO] ApiDb:261 - Set plugin images path to: C:\ST\STM32CubeIDE_1.13.1\STM32CubeIDE\plugins\com.st.stm32cube.common.mx_6.9.1.202307191849\\db\/plugins/mcufinder/images/
2023-09-05 12:43:54,249 [WARN] DbFile:41 - Overriding database path with different value: C:\Users\Marisa\.stmcufinder\plugins\mcufinder/ => C:\Users\Marisa\.stmcufinder\plugins\mcufinder
2023-09-05 12:43:54,249 [INFO] ApiDb:250 - Set database path to: C:\Users\Marisa\.stmcufinder\plugins\mcufinder//mcu/
2023-09-05 12:43:54,249 [WARN] DbFile:41 - Overriding database path with different value: C:\Users\Marisa\.stmcufinder\plugins\mcufinder/ => C:\Users\Marisa\.stmcufinder\plugins\mcufinder
2023-09-05 12:43:54,250 [INFO] DbMcusAds:125 - Set database path to: C:\Users\Marisa\.stmcufinder\plugins\mcufinder//mcu/
2023-09-05 12:43:54,250 [WARN] DbFile:41 - Overriding database path with different value: C:\Users\Marisa\.stmcufinder\plugins\mcufinder/ => C:\Users\Marisa\.stmcufinder\plugins\mcufinder
2023-09-05 12:43:54,250 [WARN] DbFile:41 - Overriding database path with different value: C:\Users\Marisa\.stmcufinder\plugins\mcufinder/ => C:\Users\Marisa\.stmcufinder\plugins\mcufinder
2023-09-05 12:43:54,250 [INFO] CrossReferenceDbSqlite:203 - Set database path to: C:\Users\Marisa\.stmcufinder\plugins\mcufinder//mcu/cs/
2023-09-05 12:43:54,314 [INFO] MainPanel:262 - HeapMemory: 268435456
2023-09-05 12:43:54,412 [INFO] DbMcusXml:78 - Set database path to: C:\ST\STM32CubeIDE_1.13.1\STM32CubeIDE\plugins\com.st.stm32cube.common.mx_6.9.1.202307191849\\db\/mcu/
2023-09-05 12:43:54,412 [INFO] ApiDb:274 - Set plugin database path to: C:\ST\STM32CubeIDE_1.13.1\STM32CubeIDE\plugins\com.st.stm32cube.common.mx_6.9.1.202307191849\\db\/plugins/boardmanager/
2023-09-05 12:43:54,412 [INFO] ApiDb:261 - Set plugin images path to: C:\ST\STM32CubeIDE_1.13.1\STM32CubeIDE\plugins\com.st.stm32cube.common.mx_6.9.1.202307191849\\db\/plugins/mcufinder/images/
2023-09-05 12:43:54,413 [WARN] DbFile:41 - Overriding database path with different value: C:\Users\Marisa\.stmcufinder\plugins\mcufinder/ => C:\Users\Marisa\.stmcufinder\plugins\mcufinder
2023-09-05 12:43:54,413 [INFO] ApiDb:250 - Set database path to: C:\Users\Marisa\.stmcufinder\plugins\mcufinder//mcu/
2023-09-05 12:43:54,413 [WARN] DbFile:41 - Overriding database path with different value: C:\Users\Marisa\.stmcufinder\plugins\mcufinder/ => C:\Users\Marisa\.stmcufinder\plugins\mcufinder
2023-09-05 12:43:54,413 [INFO] DbMcusAds:125 - Set database path to: C:\Users\Marisa\.stmcufinder\plugins\mcufinder//mcu/
2023-09-05 12:43:54,413 [WARN] DbFile:41 - Overriding database path with different value: C:\Users\Marisa\.stmcufinder\plugins\mcufinder/ => C:\Users\Marisa\.stmcufinder\plugins\mcufinder
2023-09-05 12:43:54,413 [WARN] DbFile:41 - Overriding database path with different value: C:\Users\Marisa\.stmcufinder\plugins\mcufinder/ => C:\Users\Marisa\.stmcufinder\plugins\mcufinder
2023-09-05 12:43:54,413 [INFO] CrossReferenceDbSqlite:203 - Set database path to: C:\Users\Marisa\.stmcufinder\plugins\mcufinder//mcu/cs/
2023-09-05 12:43:54,427 [INFO] ApplicationProperties:184 - Using Application install path: C:\ST\STM32CubeIDE_1.13.1\STM32CubeIDE\plugins\com.st.stm32cube.common.mx_6.9.1.202307191849
2023-09-05 12:43:54,428 [INFO] PluginManage:196 - Search for loadable plugins [exclusion list=, ]
2023-09-05 12:43:54,429 [INFO] PluginManage:310 - Check plugin analytics
2023-09-05 12:43:54,595 [INFO] AnalyticsPlugin:253 - Accepted Software Licenses: 
2023-09-05 12:43:54,595 [INFO] AnalyticsPlugin:255 - Accepted CMSIS Pack Licenses: 
2023-09-05 12:43:54,596 [INFO] AnalyticsPlugin:257 - Accepted Firmware Licenses: FW.L4.1.18.0
2023-09-05 12:43:54,599 [INFO] PluginManage:359 - Loaded plugin analytics (category:tool,tabindex:-1)
2023-09-05 12:43:54,600 [INFO] PluginManage:310 - Check plugin cadmodel
2023-09-05 12:43:54,606 [INFO] CADModel:105 - Init CAD model plugin
2023-09-05 12:43:54,606 [INFO] PluginManage:359 - Loaded plugin cadmodel (category:power,tabindex:5)
2023-09-05 12:43:54,606 [INFO] PluginManage:310 - Check plugin clock
2023-09-05 12:43:54,615 [INFO] PluginManage:359 - Loaded plugin clock (category:base,tabindex:2)
2023-09-05 12:43:54,615 [INFO] PluginManage:310 - Check plugin ddr
2023-09-05 12:43:54,617 [INFO] PluginManage:359 - Loaded plugin ddr (category:tool,tabindex:6)
2023-09-05 12:43:54,618 [INFO] PluginManage:310 - Check plugin filemanager
2023-09-05 12:43:54,762 [INFO] PluginManage:359 - Loaded plugin filemanager (category:base,tabindex:10)
2023-09-05 12:43:54,763 [INFO] PluginManage:310 - Check plugin ipmanager
2023-09-05 12:43:54,769 [INFO] PluginManage:359 - Loaded plugin ipmanager (category:base,tabindex:5)
2023-09-05 12:43:54,769 [INFO] PluginManage:310 - Check plugin lpbam
2023-09-05 12:43:54,775 [INFO] PluginManage:359 - Loaded plugin lpbam (category:base,tabindex:0)
2023-09-05 12:43:54,775 [INFO] PluginManage:310 - Check plugin memorymap
2023-09-05 12:43:54,784 [INFO] PluginManage:359 - Loaded plugin memorymap (category:base,tabindex:4)
2023-09-05 12:43:54,784 [INFO] PluginManage:310 - Check plugin pinoutandconfiguration
2023-09-05 12:43:54,793 [INFO] PluginManage:359 - Loaded plugin pinoutandconfiguration (category:base,tabindex:1)
2023-09-05 12:43:54,793 [INFO] PluginManage:310 - Check plugin pinoutconfig
2023-09-05 12:43:54,922 [WARN] SupportedApi:132 - Cannot load RTOS API schema: s4s-elt-must-match.1: The content of 'definitions' must match (annotation?, (simpleType | complexType)?, (unique | key | keyref)*)). A problem was found starting at: attribute.
2023-09-05 12:43:55,083 [INFO] PluginManage:359 - Loaded plugin pinoutconfig (category:base,tabindex:0)
2023-09-05 12:43:55,083 [INFO] PluginManage:310 - Check plugin power
2023-09-05 12:43:55,096 [INFO] PluginManage:359 - Loaded plugin power (category:power,tabindex:4)
2023-09-05 12:43:55,096 [INFO] PluginManage:310 - Check plugin projectmanager
2023-09-05 12:43:55,113 [INFO] PluginManage:359 - Loaded plugin projectmanager (category:projectmanager,tabindex:3)
2023-09-05 12:43:55,114 [INFO] PluginManage:310 - Check plugin thirdparty
2023-09-05 12:43:55,238 [WARN] IntegrityCheckThread:84 - waiting for thirdparty lock release [integrity check]
2023-09-05 12:43:55,239 [INFO] IntegrityCheckThread:86 - entering critical section [integrity check]
2023-09-05 12:43:55,240 [INFO] ThirdPartyUpdaterWithRetryManager:70 - Updater plugin not ready yet. [1/15]
2023-09-05 12:43:55,240 [INFO] PluginManage:359 - Loaded plugin thirdparty (category:base,tabindex:-1)
2023-09-05 12:43:55,240 [INFO] PluginManage:310 - Check plugin tools
2023-09-05 12:43:55,243 [INFO] PluginManage:359 - Loaded plugin tools (category:base,tabindex:7)
2023-09-05 12:43:55,243 [INFO] PluginManage:310 - Check plugin tutovideos
2023-09-05 12:43:55,385 [INFO] PluginManage:359 - Loaded plugin tutovideos (category:base,tabindex:-1)
2023-09-05 12:43:55,386 [INFO] PluginManage:310 - Check plugin updater
2023-09-05 12:43:55,406 [INFO] PluginManage:359 - Loaded plugin updater (category:base,tabindex:12)
2023-09-05 12:43:55,406 [INFO] PluginManage:310 - Check plugin userauth
2023-09-05 12:43:55,410 [INFO] UserAuth:113 - Init User Auth plugin
2023-09-05 12:43:55,410 [INFO] PluginManage:359 - Loaded plugin userauth (category:base,tabindex:14)
2023-09-05 12:43:55,411 [INFO] PluginManage:283 - PluginManage : Loaded plugins [17]
2023-09-05 12:43:55,605 [INFO] PinOutPanel:1499 - setPackage(No Configuration,No Configuration)
2023-09-05 12:43:55,713 [INFO] CADModel:165 - CPN selected for project level
2023-09-05 12:43:55,713 [INFO] CADModel:114 - Register for checkConnection events
2023-09-05 12:43:55,725 [INFO] IPUIPlugin:80 - create IPUIPlugin
2023-09-05 12:43:55,725 [INFO] PluginManager:220 - loadIPPluginJar : add adc
2023-09-05 12:43:55,727 [INFO] IPUIPlugin:80 - create IPUIPlugin
2023-09-05 12:43:55,727 [INFO] PluginManager:220 - loadIPPluginJar : add aes
2023-09-05 12:43:55,728 [INFO] IPUIPlugin:80 - create IPUIPlugin
2023-09-05 12:43:55,728 [INFO] PluginManager:220 - loadIPPluginJar : add can
2023-09-05 12:43:55,729 [INFO] IPUIPlugin:80 - create IPUIPlugin
2023-09-05 12:43:55,730 [INFO] PluginManager:220 - loadIPPluginJar : add comp
2023-09-05 12:43:55,732 [INFO] IPUIPlugin:80 - create IPUIPlugin
2023-09-05 12:43:55,732 [INFO] PluginManager:220 - loadIPPluginJar : add cryp
2023-09-05 12:43:55,732 [INFO] IPUIPlugin:80 - create IPUIPlugin
2023-09-05 12:43:55,732 [INFO] PluginManager:220 - loadIPPluginJar : add dfsdm
2023-09-05 12:43:55,736 [INFO] IPUIPlugin:80 - create IPUIPlugin
2023-09-05 12:43:55,736 [INFO] PluginManager:220 - loadIPPluginJar : add dma
2023-09-05 12:43:55,739 [INFO] IPUIPlugin:80 - create IPUIPlugin
2023-09-05 12:43:55,739 [INFO] PluginManager:220 - loadIPPluginJar : add dma3
2023-09-05 12:43:55,740 [INFO] IPUIPlugin:80 - create IPUIPlugin
2023-09-05 12:43:55,740 [INFO] PluginManager:220 - loadIPPluginJar : add fatfs
2023-09-05 12:43:55,747 [INFO] IPUIPlugin:80 - create IPUIPlugin
2023-09-05 12:43:55,747 [INFO] PluginManager:220 - loadIPPluginJar : add fmc
2023-09-05 12:43:55,751 [INFO] IPUIPlugin:80 - create IPUIPlugin
2023-09-05 12:43:55,751 [INFO] PluginManager:220 - loadIPPluginJar : add freertos
2023-09-05 12:43:55,751 [INFO] IPUIPlugin:80 - create IPUIPlugin
2023-09-05 12:43:55,751 [INFO] PluginManager:220 - loadIPPluginJar : add genericplugin
2023-09-05 12:43:55,753 [INFO] IPUIPlugin:80 - create IPUIPlugin
2023-09-05 12:43:55,753 [INFO] PluginManager:220 - loadIPPluginJar : add gfxmmu
2023-09-05 12:43:55,756 [INFO] IPUIPlugin:80 - create IPUIPlugin
2023-09-05 12:43:55,756 [INFO] PluginManager:220 - loadIPPluginJar : add gic
2023-09-05 12:43:55,762 [INFO] IPUIPlugin:80 - create IPUIPlugin
2023-09-05 12:43:55,764 [INFO] PluginManager:220 - loadIPPluginJar : add gpio
2023-09-05 12:43:55,764 [INFO] IPUIPlugin:80 - create IPUIPlugin
2023-09-05 12:43:55,764 [INFO] PluginManager:220 - loadIPPluginJar : add gtzc
2023-09-05 12:43:55,766 [INFO] IPUIPlugin:80 - create IPUIPlugin
2023-09-05 12:43:55,766 [INFO] PluginManager:220 - loadIPPluginJar : add hash
2023-09-05 12:43:55,767 [INFO] IPUIPlugin:80 - create IPUIPlugin
2023-09-05 12:43:55,767 [INFO] PluginManager:220 - loadIPPluginJar : add i2c
2023-09-05 12:43:55,769 [INFO] IPUIPlugin:80 - create IPUIPlugin
2023-09-05 12:43:55,769 [INFO] PluginManager:220 - loadIPPluginJar : add i2s
2023-09-05 12:43:55,771 [INFO] IPUIPlugin:80 - create IPUIPlugin
2023-09-05 12:43:55,771 [INFO] PluginManager:220 - loadIPPluginJar : add i3c
2023-09-05 12:43:55,778 [INFO] IPUIPlugin:80 - create IPUIPlugin
2023-09-05 12:43:55,778 [INFO] PluginManager:220 - loadIPPluginJar : add ipddr
2023-09-05 12:43:55,783 [INFO] IPUIPlugin:80 - create IPUIPlugin
2023-09-05 12:43:55,783 [INFO] PluginManager:220 - loadIPPluginJar : add linkedlist
2023-09-05 12:43:55,785 [INFO] IPUIPlugin:80 - create IPUIPlugin
2023-09-05 12:43:55,785 [INFO] PluginManager:220 - loadIPPluginJar : add lorawan
2023-09-05 12:43:55,792 [INFO] IPUIPlugin:80 - create IPUIPlugin
2023-09-05 12:43:55,793 [INFO] PluginManager:220 - loadIPPluginJar : add ltdc
2023-09-05 12:43:55,801 [INFO] IPUIPlugin:80 - create IPUIPlugin
2023-09-05 12:43:55,801 [INFO] PluginManager:220 - loadIPPluginJar : add mdma
2023-09-05 12:43:55,810 [INFO] IPUIPlugin:80 - create IPUIPlugin
2023-09-05 12:43:55,810 [INFO] PluginManager:220 - loadIPPluginJar : add nvic
2023-09-05 12:43:55,812 [INFO] IPUIPlugin:80 - create IPUIPlugin
2023-09-05 12:43:55,813 [INFO] PluginManager:220 - loadIPPluginJar : add opamp
2023-09-05 12:43:55,814 [INFO] IPUIPlugin:80 - create IPUIPlugin
2023-09-05 12:43:55,814 [INFO] PluginManager:220 - loadIPPluginJar : add openamp
2023-09-05 12:43:55,817 [INFO] IPUIPlugin:80 - create IPUIPlugin
2023-09-05 12:43:55,817 [INFO] PluginManager:220 - loadIPPluginJar : add pdm2pcm
2023-09-05 12:43:55,826 [INFO] IPUIPlugin:80 - create IPUIPlugin
2023-09-05 12:43:55,828 [INFO] PluginManager:220 - loadIPPluginJar : add plateformsettings
2023-09-05 12:43:55,829 [INFO] IPUIPlugin:80 - create IPUIPlugin
2023-09-05 12:43:55,829 [INFO] PluginManager:220 - loadIPPluginJar : add quadspi
2023-09-05 12:43:55,831 [INFO] IPUIPlugin:80 - create IPUIPlugin
2023-09-05 12:43:55,831 [INFO] PluginManager:220 - loadIPPluginJar : add resmgrutility
2023-09-05 12:43:55,836 [INFO] IPUIPlugin:80 - create IPUIPlugin
2023-09-05 12:43:55,836 [INFO] PluginManager:220 - loadIPPluginJar : add sai
2023-09-05 12:43:55,837 [INFO] IPUIPlugin:80 - create IPUIPlugin
2023-09-05 12:43:55,837 [INFO] PluginManager:220 - loadIPPluginJar : add spi
2023-09-05 12:43:55,841 [INFO] IPUIPlugin:80 - create IPUIPlugin
2023-09-05 12:43:55,841 [INFO] PluginManager:220 - loadIPPluginJar : add stm32_wpan
2023-09-05 12:43:55,842 [INFO] IPUIPlugin:80 - create IPUIPlugin
2023-09-05 12:43:55,842 [INFO] PluginManager:220 - loadIPPluginJar : add tim
2023-09-05 12:43:55,845 [INFO] IPUIPlugin:80 - create IPUIPlugin
2023-09-05 12:43:55,845 [INFO] PluginManager:220 - loadIPPluginJar : add touchsensing
2023-09-05 12:43:55,846 [INFO] IPUIPlugin:80 - create IPUIPlugin
2023-09-05 12:43:55,846 [INFO] PluginManager:220 - loadIPPluginJar : add tracer_emb
2023-09-05 12:43:55,847 [INFO] IPUIPlugin:80 - create IPUIPlugin
2023-09-05 12:43:55,848 [INFO] PluginManager:220 - loadIPPluginJar : add ts
2023-09-05 12:43:55,848 [INFO] IPUIPlugin:80 - create IPUIPlugin
2023-09-05 12:43:55,849 [INFO] PluginManager:220 - loadIPPluginJar : add tsc
2023-09-05 12:43:55,850 [INFO] IPUIPlugin:80 - create IPUIPlugin
2023-09-05 12:43:55,850 [INFO] PluginManager:220 - loadIPPluginJar : add ucpd
2023-09-05 12:43:55,852 [INFO] IPUIPlugin:80 - create IPUIPlugin
2023-09-05 12:43:55,852 [INFO] PluginManager:220 - loadIPPluginJar : add usart
2023-09-05 12:43:55,854 [INFO] IPUIPlugin:80 - create IPUIPlugin
2023-09-05 12:43:55,854 [INFO] PluginManager:220 - loadIPPluginJar : add usbx
2023-09-05 12:43:55,978 [INFO] CADModel:165 - CPN selected for project level
2023-09-05 12:43:55,978 [INFO] CADModel:114 - Register for checkConnection events
2023-09-05 12:43:55,979 [FATAL] Updater:308 - Updater called before beeing initialized
2023-09-05 12:43:55,979 [ERROR] CADModel:125 - Updater not yet initialized, retry later 
2023-09-05 12:43:56,109 [INFO] CADModel:165 - CPN selected for project level
2023-09-05 12:43:56,109 [INFO] CADModel:114 - Register for checkConnection events
2023-09-05 12:43:56,109 [FATAL] Updater:308 - Updater called before beeing initialized
2023-09-05 12:43:56,109 [ERROR] CADModel:125 - Updater not yet initialized, retry later 
2023-09-05 12:43:56,112 [FATAL] Updater:308 - Updater called before beeing initialized
2023-09-05 12:43:56,200 [FATAL] Updater:308 - Updater called before beeing initialized
2023-09-05 12:43:56,211 [INFO] DbMcusAds:53 - JSON generation date=Tue Mar 07 03:50:55 EST 2023 (1678179055114)
2023-09-05 12:43:56,211 [FATAL] Updater:308 - Updater called before beeing initialized
2023-09-05 12:43:56,248 [WARN] DetailPanel:346 - Failed to get advertising image, set to default
2023-09-05 12:43:56,322 [FATAL] Updater:308 - Updater called before beeing initialized
2023-09-05 12:43:56,324 [FATAL] Updater:308 - Updater called before beeing initialized
2023-09-05 12:43:56,324 [FATAL] Updater:308 - Updater called before beeing initialized
2023-09-05 12:43:56,324 [WARN] DetailPanel:346 - Failed to get advertising image, set to default
2023-09-05 12:43:56,325 [FATAL] Updater:308 - Updater called before beeing initialized
2023-09-05 12:43:56,361 [ERROR] Updater:1120 - MainUpdater not yet initialized. External WinMGr cannot be set.
2023-09-05 12:43:56,363 [INFO] Updater:1056 - Updater Version found : 6.9.1
2023-09-05 12:43:56,377 [INFO] ApplicationProperties:184 - Using Application install path: C:\ST\STM32CubeIDE_1.13.1\STM32CubeIDE\plugins\com.st.stm32cube.common.mx_6.9.1.202307191849
2023-09-05 12:43:56,490 [INFO] MainUpdater:2868 - connection check result : 10
2023-09-05 12:43:56,491 [INFO] MainUpdater:285 - Updater Check For Update Now.
2023-09-05 12:43:56,491 [INFO] MicroXplorer:498 - Change Database Version : DB.6.0.91
2023-09-05 12:43:56,509 [INFO] McuFinderGlobals:63 - Set McuFinder mode to 2 (CubeIDE integrated)
2023-09-05 12:43:56,662 [INFO] CheckServerUpdateThread:120 - End of CheckServer Thread
2023-09-05 12:43:58,358 [WARN] PackLoader:240 - Cannot read IP mode file for STMicroelectronics.X-CUBE-SMBUS.2.1.0
2023-09-05 12:43:58,381 [WARN] PackLoader:240 - Cannot read IP mode file for STMicroelectronics.X-CUBE-AZRTOS-F7.1.1.0
2023-09-05 12:43:58,392 [WARN] PackLoader:240 - Cannot read IP mode file for STMicroelectronics.FP-SNS-MOTENV1.4.3.2
2023-09-05 12:43:58,398 [WARN] PackLoader:240 - Cannot read IP mode file for STMicroelectronics.FP-SNS-FLIGHT1.5.0.2
2023-09-05 12:43:58,405 [WARN] PackLoader:240 - Cannot read IP mode file for STMicroelectronics.X-CUBE-DISPLAY.3.0.0
2023-09-05 12:43:58,420 [WARN] PackLoader:240 - Cannot read IP mode file for STMicroelectronics.X-CUBE-BLE1.7.0.0
2023-09-05 12:43:58,425 [WARN] PackLoader:240 - Cannot read IP mode file for emotas.I-CUBE-CANOPEN.1.3.0
2023-09-05 12:43:58,431 [WARN] PackLoader:240 - Cannot read IP mode file for STMicroelectronics.X-CUBE-TOUCHGFX.4.22.0
2023-09-05 12:43:58,443 [INFO] LogOutputStream:77 - [STDOUT_REDIRECT] 1 : Invalid condition id : UX_CORESTACK_Condition cause : null
2023-09-05 12:43:58,444 [INFO] LogOutputStream:77 - [STDOUT_REDIRECT] 1 : Invalid condition id : UX_CORESTACK_Condition cause : null
2023-09-05 12:43:58,445 [INFO] LogOutputStream:77 - [STDOUT_REDIRECT] 1 : Invalid condition id : UX_CORESTACK_Condition cause : null
2023-09-05 12:43:58,446 [INFO] LogOutputStream:77 - [STDOUT_REDIRECT] 1 : Invalid condition id : UX_CORESTACK_Condition cause : null
2023-09-05 12:43:58,447 [INFO] LogOutputStream:77 - [STDOUT_REDIRECT] 1 : Invalid condition id : UX_CORESTACK_Condition cause : null
2023-09-05 12:43:58,449 [WARN] PackLoader:240 - Cannot read IP mode file for STMicroelectronics.X-CUBE-AZRTOS-WL.2.0.0
2023-09-05 12:43:58,459 [WARN] PackLoader:240 - Cannot read IP mode file for WES.I-CUBE-Cesium.1.3.0
2023-09-05 12:43:58,464 [WARN] PackLoader:240 - Cannot read IP mode file for STMicroelectronics.X-CUBE-BLE2.3.3.0
2023-09-05 12:43:58,469 [WARN] PackLoader:240 - Cannot read IP mode file for STMicroelectronics.X-CUBE-ALGOBUILD.1.3.0
2023-09-05 12:43:58,479 [WARN] PackLoader:240 - Cannot read IP mode file for STMicroelectronics.X-CUBE-AZRTOS-G0.1.1.0
2023-09-05 12:43:58,485 [WARN] PackLoader:240 - Cannot read IP mode file for STMicroelectronics.X-CUBE-NFC4.3.0.0
2023-09-05 12:43:58,489 [WARN] PackLoader:240 - Cannot read IP mode file for STMicroelectronics.FP-ATR-SIGFOX1.3.2.0
2023-09-05 12:43:58,509 [WARN] PackLoader:240 - Cannot read IP mode file for SEGGER.I-CUBE-embOS.1.3.1
2023-09-05 12:43:58,546 [WARN] PackLoader:240 - Cannot read IP mode file for STMicroelectronics.X-CUBE-GNSS1.6.0.0
2023-09-05 12:43:58,561 [WARN] PackLoader:240 - Cannot read IP mode file for STMicroelectronics.X-CUBE-AZRTOS-F4.1.1.0
2023-09-05 12:43:58,567 [WARN] PackLoader:240 - Cannot read IP mode file for wolfSSL.I-CUBE-wolfSSL.5.6.3
2023-09-05 12:43:58,583 [WARN] PackLoader:240 - Cannot read IP mode file for STMicroelectronics.X-CUBE-AZRTOS-L5.2.0.0
2023-09-05 12:43:58,618 [WARN] PackLoader:240 - Cannot read IP mode file for STMicroelectronics.X-CUBE-MEMS1.9.6.0
2023-09-05 12:43:58,742 [WARN] PackLoader:240 - Cannot read IP mode file for STMicroelectronics.X-CUBE-BLEMGR.2.0.0
2023-09-05 12:43:58,755 [WARN] ConditionMgr:438 - getConditionDescription Invalid condition id : UX DEVICE CLASS RTOS Condition cause : null
2023-09-05 12:43:58,756 [WARN] ConditionMgr:438 - getConditionDescription Invalid condition id : UX DEVICE CLASS RTOS Condition cause : null
2023-09-05 12:43:58,757 [WARN] PackLoader:240 - Cannot read IP mode file for STMicroelectronics.X-CUBE-AZRTOS-H7.3.1.0
2023-09-05 12:43:58,758 [WARN] ConditionMgr:1039 - genDependencies : Invalid condition id : UX DEVICE CLASS RTOS Condition cause : null
2023-09-05 12:43:58,758 [WARN] ConditionMgr:1039 - genDependencies : Invalid condition id : UX DEVICE CLASS RTOS Condition cause : null
2023-09-05 12:43:58,759 [WARN] ConditionMgr:1039 - genDependencies : Invalid condition id : UX DEVICE CLASS RTOS Condition cause : null
2023-09-05 12:43:58,759 [WARN] ConditionMgr:1039 - genDependencies : Invalid condition id : UX DEVICE CLASS RTOS Condition cause : null
2023-09-05 12:43:58,759 [WARN] ConditionMgr:1039 - genDependencies : Invalid condition id : UX DEVICE CLASS RTOS Condition cause : null
2023-09-05 12:43:58,763 [WARN] PackLoader:240 - Cannot read IP mode file for STMicroelectronics.X-CUBE-NFC7.1.0.1
2023-09-05 12:43:58,768 [WARN] PackLoader:240 - Cannot read IP mode file for STMicroelectronics.X-CUBE-EEPRMA1.4.1.0
2023-09-05 12:43:58,771 [WARN] PackLoader:240 - Cannot read IP mode file for STMicroelectronics.X-CUBE-AI.8.1.0
2023-09-05 12:43:58,782 [WARN] ConditionMgr:438 - getConditionDescription Invalid condition id : LAN8742 Phy interface Condition cause : null
2023-09-05 12:43:58,783 [WARN] PackLoader:240 - Cannot read IP mode file for STMicroelectronics.X-CUBE-AZRTOS-L4.2.0.0
2023-09-05 12:43:58,784 [WARN] ConditionMgr:1039 - genDependencies : Invalid condition id : LAN8742 Phy interface Condition cause : null
2023-09-05 12:43:58,784 [WARN] ConditionMgr:1039 - genDependencies : Invalid condition id : LAN8742 Phy interface Condition cause : null
2023-09-05 12:43:58,784 [WARN] ConditionMgr:1039 - genDependencies : Invalid condition id : LAN8742 Phy interface Condition cause : null
2023-09-05 12:43:58,790 [WARN] PackLoader:240 - Cannot read IP mode file for STMicroelectronics.X-CUBE-SFXS2LP1.4.0.0
2023-09-05 12:43:58,794 [WARN] PackLoader:240 - Cannot read IP mode file for STMicroelectronics.X-CUBE-ISPU.1.1.0
2023-09-05 12:43:58,803 [WARN] ConditionMgr:438 - getConditionDescription Invalid condition id : UX DEVICE CLASS RTOS Condition cause : null
2023-09-05 12:43:58,803 [WARN] ConditionMgr:438 - getConditionDescription Invalid condition id : UX DEVICE CLASS RTOS Condition cause : null
2023-09-05 12:43:58,804 [WARN] PackLoader:240 - Cannot read IP mode file for STMicroelectronics.X-CUBE-AZRTOS-WB.2.0.0
2023-09-05 12:43:58,805 [WARN] ConditionMgr:1039 - genDependencies : Invalid condition id : UX DEVICE CLASS RTOS Condition cause : null
2023-09-05 12:43:58,805 [WARN] ConditionMgr:1039 - genDependencies : Invalid condition id : UX DEVICE CLASS RTOS Condition cause : null
2023-09-05 12:43:58,805 [WARN] ConditionMgr:1039 - genDependencies : Invalid condition id : UX DEVICE CLASS RTOS Condition cause : null
2023-09-05 12:43:58,805 [WARN] ConditionMgr:1039 - genDependencies : Invalid condition id : UX DEVICE CLASS RTOS Condition cause : null
2023-09-05 12:43:58,805 [WARN] ConditionMgr:1039 - genDependencies : Invalid condition id : UX DEVICE CLASS RTOS Condition cause : null
2023-09-05 12:43:58,812 [WARN] PackLoader:240 - Cannot read IP mode file for STMicroelectronics.X-CUBE-SUBG2.5.0.0
2023-09-05 12:43:58,821 [WARN] PackLoader:240 - Cannot read IP mode file for STMicroelectronics.X-CUBE-TOF1.3.3.1
2023-09-05 12:43:58,837 [WARN] PackLoader:240 - Cannot read IP mode file for STMicroelectronics.X-CUBE-AZRTOS-G4.2.0.0
2023-09-05 12:43:58,842 [WARN] PackLoader:240 - Cannot read IP mode file for STMicroelectronics.X-CUBE-FREERTOS.1.1.0
2023-09-05 12:43:58,846 [WARN] PackLoader:240 - Cannot read IP mode file for portGmbH.I-Cube-SoM-uGOAL.1.1.0
2023-09-05 12:43:58,849 [WARN] PackLoader:240 - Cannot read IP mode file for STMicroelectronics.X-CUBE-ALS.1.0.1
2023-09-05 12:43:58,853 [WARN] PackLoader:240 - Cannot read IP mode file for STMicroelectronics.FP-ATR-ASTRA1.2.0.0
2023-09-05 12:43:58,854 [INFO] ThirdParty:978 - Integrity check success = true
2023-09-05 12:43:58,854 [INFO] IntegrityCheckThread:100 - exiting critical section [integrity check]
2023-09-05 12:43:58,854 [INFO] IntegrityCheckThread:103 - End integrity checks thread
2023-09-05 12:44:17,231 [ERROR] LogOutputStream:75 - [STDERR_REDIRECT] SLF4J: Failed to load class "org.slf4j.impl.StaticLoggerBinder".
2023-09-05 12:44:17,232 [ERROR] LogOutputStream:75 - [STDERR_REDIRECT] SLF4J: Defaulting to no-operation (NOP) logger implementation
2023-09-05 12:44:17,232 [ERROR] LogOutputStream:75 - [STDERR_REDIRECT] SLF4J: See http://www.slf4j.org/codes.html#StaticLoggerBinder for further details.
